#
# There is insufficient memory for the Java Runtime Environment to continue.
# Native memory allocation (malloc) failed to allocate 1297136 bytes for Chunk::new
# Possible reasons:
#   The system is out of physical RAM or swap space
#   The process is running with CompressedOops enabled, and the Java Heap may be blocking the growth of the native heap
# Possible solutions:
#   Reduce memory load on the system
#   Increase physical memory or swap space
#   Check if swap backing store is full
#   Decrease Java heap size (-Xmx/-Xms)
#   Decrease number of Java threads
#   Decrease Java thread stack sizes (-Xss)
#   Set larger code cache with -XX:ReservedCodeCacheSize=
#   JVM is running with Unscaled Compressed Oops mode in which the Java heap is
#     placed in the first 4GB address space. The Java Heap base address is the
#     maximum limit for the native heap growth. Please use -XX:HeapBaseMinAddress
#     to set the Java Heap base and to place the Java Heap above 4GB virtual address.
# This output file may be truncated or incomplete.
#
#  Out of Memory Error (arena.cpp:168), pid=8452, tid=17416
#
# JRE version: Java(TM) SE Runtime Environment (21.0.4+8) (build 21.0.4+8-LTS-274)
# Java VM: Java HotSpot(TM) 64-Bit Server VM (21.0.4+8-LTS-274, mixed mode, sharing, tiered, compressed oops, compressed class ptrs, g1 gc, windows-amd64)
# No core dump will be written. Minidumps are not enabled by default on client versions of Windows
#

---------------  S U M M A R Y ------------

Command Line: --add-opens=java.base/java.util=ALL-UNNAMED --add-opens=java.base/java.lang=ALL-UNNAMED --add-opens=java.base/java.lang.invoke=ALL-UNNAMED --add-opens=java.prefs/java.util.prefs=ALL-UNNAMED --add-exports=jdk.compiler/com.sun.tools.javac.api=ALL-UNNAMED --add-exports=jdk.compiler/com.sun.tools.javac.util=ALL-UNNAMED --add-opens=java.base/java.nio.charset=ALL-UNNAMED --add-opens=java.base/java.net=ALL-UNNAMED --add-opens=java.base/java.util.concurrent.atomic=ALL-UNNAMED -XX:MaxMetaspaceSize=384m -XX:+HeapDumpOnOutOfMemoryError -Xms256m -Xmx512m -Dfile.encoding=utf8 -Duser.country=US -Duser.language=en -Duser.variant -javaagent:C:\Users\Usuario\.gradle\wrapper\dists\gradle-8.10.2-bin\a04bxjujx95o3nb99gddekhwo\gradle-8.10.2\lib\agents\gradle-instrumentation-agent-8.10.2.jar org.gradle.launcher.daemon.bootstrap.GradleDaemon 8.10.2

Host: Intel(R) Core(TM) i5-9400F CPU @ 2.90GHz, 6 cores, 7G,  Windows 10 , 64 bit Build 19041 (10.0.19041.5198)
Time: Mon Jan  6 21:07:15 2025 Argentina Standard Time elapsed time: 5.742404 seconds (0d 0h 0m 5s)

---------------  T H R E A D  ---------------

Current thread (0x000001e563d90e50):  JavaThread "C2 CompilerThread0" daemon [_thread_in_native, id=17416, stack(0x000000be02100000,0x000000be02200000) (1024K)]


Current CompileTask:
C2:   5742 3447       4       java.net.URLClassLoader$1::run (5 bytes)

Stack: [0x000000be02100000,0x000000be02200000]
Native frames: (J=compiled Java code, j=interpreted, Vv=VM code, C=native code)
V  [jvm.dll+0x6c8e59]
V  [jvm.dll+0x853181]
V  [jvm.dll+0x8556ae]
V  [jvm.dll+0x855d83]
V  [jvm.dll+0x27d526]
V  [jvm.dll+0xc4aad]
V  [jvm.dll+0xc4fe3]
V  [jvm.dll+0x3b400c]
V  [jvm.dll+0x1df243]
V  [jvm.dll+0x2463d2]
V  [jvm.dll+0x24585f]
V  [jvm.dll+0x1c69de]
V  [jvm.dll+0x254d49]
V  [jvm.dll+0x2532da]
V  [jvm.dll+0x3ed426]
V  [jvm.dll+0x7fd65b]
V  [jvm.dll+0x6c753d]
C  [ucrtbase.dll+0x21bb2]
C  [KERNEL32.DLL+0x17374]
C  [ntdll.dll+0x4cc91]


---------------  P R O C E S S  ---------------

Threads class SMR info:
_java_thread_list=0x000001e57f6c8fe0, length=31, elements={
0x000001e5495ad8a0, 0x000001e563d88fe0, 0x000001e563d89f00, 0x000001e563d8afd0,
0x000001e563d8ea50, 0x000001e563d8f660, 0x000001e563d900c0, 0x000001e563d90e50,
0x000001e563d92750, 0x000001e563d57ab0, 0x000001e57d1d6710, 0x000001e57eb85cc0,
0x000001e57eadf3e0, 0x000001e57eadde60, 0x000001e57ed05f00, 0x000001e57ea80380,
0x000001e57ec32140, 0x000001e57ec33b80, 0x000001e57ec34210, 0x000001e57ec32e60,
0x000001e57ec348a0, 0x000001e57ec334f0, 0x000001e57ec31420, 0x000001e57ec31ab0,
0x000001e57fabe520, 0x000001e57fabc450, 0x000001e57fabebb0, 0x000001e57fabaa10,
0x000001e57fab8940, 0x000001e57fabf240, 0x000001e57fab9660
}

Java Threads: ( => current thread )
  0x000001e5495ad8a0 JavaThread "main"                              [_thread_blocked, id=4208, stack(0x000000be01300000,0x000000be01400000) (1024K)]
  0x000001e563d88fe0 JavaThread "Reference Handler"          daemon [_thread_blocked, id=976, stack(0x000000be01b00000,0x000000be01c00000) (1024K)]
  0x000001e563d89f00 JavaThread "Finalizer"                  daemon [_thread_blocked, id=13448, stack(0x000000be01c00000,0x000000be01d00000) (1024K)]
  0x000001e563d8afd0 JavaThread "Signal Dispatcher"          daemon [_thread_blocked, id=17420, stack(0x000000be01d00000,0x000000be01e00000) (1024K)]
  0x000001e563d8ea50 JavaThread "Attach Listener"            daemon [_thread_blocked, id=18828, stack(0x000000be01e00000,0x000000be01f00000) (1024K)]
  0x000001e563d8f660 JavaThread "Service Thread"             daemon [_thread_blocked, id=8332, stack(0x000000be01f00000,0x000000be02000000) (1024K)]
  0x000001e563d900c0 JavaThread "Monitor Deflation Thread"   daemon [_thread_blocked, id=18280, stack(0x000000be02000000,0x000000be02100000) (1024K)]
=>0x000001e563d90e50 JavaThread "C2 CompilerThread0"         daemon [_thread_in_native, id=17416, stack(0x000000be02100000,0x000000be02200000) (1024K)]
  0x000001e563d92750 JavaThread "C1 CompilerThread0"         daemon [_thread_blocked, id=17788, stack(0x000000be02200000,0x000000be02300000) (1024K)]
  0x000001e563d57ab0 JavaThread "Common-Cleaner"             daemon [_thread_blocked, id=17680, stack(0x000000be02300000,0x000000be02400000) (1024K)]
  0x000001e57d1d6710 JavaThread "Notification Thread"        daemon [_thread_blocked, id=8372, stack(0x000000be02400000,0x000000be02500000) (1024K)]
  0x000001e57eb85cc0 JavaThread "Daemon health stats"               [_thread_blocked, id=5256, stack(0x000000be02500000,0x000000be02600000) (1024K)]
  0x000001e57eadf3e0 JavaThread "Incoming local TCP Connector on port 51796"        [_thread_in_native, id=9708, stack(0x000000be02b00000,0x000000be02c00000) (1024K)]
  0x000001e57eadde60 JavaThread "Daemon periodic checks"            [_thread_blocked, id=16812, stack(0x000000be02c00000,0x000000be02d00000) (1024K)]
  0x000001e57ed05f00 JavaThread "Daemon"                            [_thread_blocked, id=8204, stack(0x000000be02d00000,0x000000be02e00000) (1024K)]
  0x000001e57ea80380 JavaThread "Handler for socket connection from /127.0.0.1:51796 to /127.0.0.1:51797"        [_thread_in_native, id=11452, stack(0x000000be02e00000,0x000000be02f00000) (1024K)]
  0x000001e57ec32140 JavaThread "Cancel handler"                    [_thread_blocked, id=19248, stack(0x000000be02f00000,0x000000be03000000) (1024K)]
  0x000001e57ec33b80 JavaThread "Daemon worker"                     [_thread_in_native, id=6964, stack(0x000000be03000000,0x000000be03100000) (1024K)]
  0x000001e57ec34210 JavaThread "Asynchronous log dispatcher for DefaultDaemonConnection: socket connection from /127.0.0.1:51796 to /127.0.0.1:51797"        [_thread_blocked, id=14696, stack(0x000000be03100000,0x000000be03200000) (1024K)]
  0x000001e57ec32e60 JavaThread "Stdin handler"                     [_thread_blocked, id=1552, stack(0x000000be03200000,0x000000be03300000) (1024K)]
  0x000001e57ec348a0 JavaThread "Daemon client event forwarder"        [_thread_blocked, id=15536, stack(0x000000be03300000,0x000000be03400000) (1024K)]
  0x000001e57ec334f0 JavaThread "Cache worker for journal cache (C:\Users\Usuario\.gradle\caches\journal-1)"        [_thread_blocked, id=8248, stack(0x000000be03400000,0x000000be03500000) (1024K)]
  0x000001e57ec31420 JavaThread "File lock request listener"        [_thread_in_native, id=4904, stack(0x000000be03500000,0x000000be03600000) (1024K)]
  0x000001e57ec31ab0 JavaThread "Cache worker for file hash cache (C:\Users\Usuario\.gradle\caches\8.10.2\fileHashes)"        [_thread_blocked, id=276, stack(0x000000be03600000,0x000000be03700000) (1024K)]
  0x000001e57fabe520 JavaThread "Cache worker for file hash cache (C:\Users\Usuario\OneDrive\Documentos\NetBeansProjects\gradleproject2\.gradle\8.10.2\fileHashes)"        [_thread_blocked, id=2720, stack(0x000000be03800000,0x000000be03900000) (1024K)]
  0x000001e57fabc450 JavaThread "Cache worker for Build Output Cleanup Cache (C:\Users\Usuario\OneDrive\Documentos\NetBeansProjects\gradleproject2\.gradle\buildOutputCleanup)"        [_thread_blocked, id=15772, stack(0x000000be03900000,0x000000be03a00000) (1024K)]
  0x000001e57fabebb0 JavaThread "File watcher server"        daemon [_thread_in_native, id=14972, stack(0x000000be03a00000,0x000000be03b00000) (1024K)]
  0x000001e57fabaa10 JavaThread "File watcher consumer"      daemon [_thread_blocked, id=900, stack(0x000000be03b00000,0x000000be03c00000) (1024K)]
  0x000001e57fab8940 JavaThread "jar transforms"                    [_thread_blocked, id=17672, stack(0x000000be03c00000,0x000000be03d00000) (1024K)]
  0x000001e57fabf240 JavaThread "jar transforms Thread 2"           [_thread_blocked, id=11152, stack(0x000000be03d00000,0x000000be03e00000) (1024K)]
  0x000001e57fab9660 JavaThread "jar transforms Thread 3"           [_thread_blocked, id=6588, stack(0x000000be03e00000,0x000000be03f00000) (1024K)]
Total: 31

Other Threads:
  0x000001e563d69290 VMThread "VM Thread"                           [id=9820, stack(0x000000be01a00000,0x000000be01b00000) (1024K)]
  0x000001e563d56730 WatcherThread "VM Periodic Task Thread"        [id=17184, stack(0x000000be01900000,0x000000be01a00000) (1024K)]
  0x000001e5495d7b50 WorkerThread "GC Thread#0"                     [id=1312, stack(0x000000be01400000,0x000000be01500000) (1024K)]
  0x000001e57d2fe210 WorkerThread "GC Thread#1"                     [id=18552, stack(0x000000be02600000,0x000000be02700000) (1024K)]
  0x000001e57d5c6630 WorkerThread "GC Thread#2"                     [id=6044, stack(0x000000be02700000,0x000000be02800000) (1024K)]
  0x000001e57d5c69d0 WorkerThread "GC Thread#3"                     [id=12456, stack(0x000000be02800000,0x000000be02900000) (1024K)]
  0x000001e57d65faf0 WorkerThread "GC Thread#4"                     [id=14220, stack(0x000000be02900000,0x000000be02a00000) (1024K)]
  0x000001e57d65fe90 WorkerThread "GC Thread#5"                     [id=17132, stack(0x000000be02a00000,0x000000be02b00000) (1024K)]
  0x000001e5495dda50 ConcurrentGCThread "G1 Main Marker"            [id=16716, stack(0x000000be01500000,0x000000be01600000) (1024K)]
  0x000001e5495de460 WorkerThread "G1 Conc#0"                       [id=11860, stack(0x000000be01600000,0x000000be01700000) (1024K)]
  0x000001e57ee9d9a0 WorkerThread "G1 Conc#1"                       [id=18612, stack(0x000000be03700000,0x000000be03800000) (1024K)]
  0x000001e54967e4b0 ConcurrentGCThread "G1 Refine#0"               [id=15700, stack(0x000000be01700000,0x000000be01800000) (1024K)]
  0x000001e563c28310 ConcurrentGCThread "G1 Service"                [id=6072, stack(0x000000be01800000,0x000000be01900000) (1024K)]
Total: 13

Threads with active compile tasks:
C2 CompilerThread0     5798 3447       4       java.net.URLClassLoader$1::run (5 bytes)
Total: 1

VM state: not at safepoint (normal execution)

VM Mutex/Monitor currently owned by a thread: None

Heap address: 0x00000000e0000000, size: 512 MB, Compressed Oops mode: 32-bit

CDS archive(s) mapped at: [0x000001e564000000-0x000001e564c90000-0x000001e564c90000), size 13172736, SharedBaseAddress: 0x000001e564000000, ArchiveRelocationMode: 1.
Compressed class space mapped at: 0x000001e565000000-0x000001e579000000, reserved size: 335544320
Narrow klass base: 0x000001e564000000, Narrow klass shift: 0, Narrow klass range: 0x100000000

GC Precious Log:
 CardTable entry size: 512
 Card Set container configuration: InlinePtr #cards 5 size 8 Array Of Cards #cards 12 size 40 Howl #buckets 4 coarsen threshold 1843 Howl Bitmap #cards 512 size 80 coarsen threshold 460 Card regions per heap region 1 cards per card region 2048
 CPUs: 6 total, 6 available
 Memory: 8125M
 Large Page Support: Disabled
 NUMA Support: Disabled
 Compressed Oops: Enabled (32-bit)
 Heap Region Size: 1M
 Heap Min Capacity: 256M
 Heap Initial Capacity: 256M
 Heap Max Capacity: 512M
 Pre-touch: Disabled
 Parallel Workers: 6
 Concurrent Workers: 2
 Concurrent Refinement Workers: 6
 Periodic GC: Disabled

Heap:
 garbage-first heap   total 262144K, used 80849K [0x00000000e0000000, 0x0000000100000000)
  region size 1024K, 69 young (70656K), 12 survivors (12288K)
 Metaspace       used 28206K, committed 29184K, reserved 393216K
  class space    used 4137K, committed 4608K, reserved 327680K

Heap Regions: E=young(eden), S=young(survivor), O=old, HS=humongous(starts), HC=humongous(continues), CS=collection set, F=free, TAMS=top-at-mark-start, PB=parsable bottom
|   0|0x00000000e0000000, 0x00000000e0100000, 0x00000000e0100000|100%|HS|  |TAMS 0x00000000e0000000| PB 0x00000000e0000000| Complete 
|   1|0x00000000e0100000, 0x00000000e0200000, 0x00000000e0200000|100%|HC|  |TAMS 0x00000000e0100000| PB 0x00000000e0100000| Complete 
|   2|0x00000000e0200000, 0x00000000e0300000, 0x00000000e0300000|100%|HC|  |TAMS 0x00000000e0200000| PB 0x00000000e0200000| Complete 
|   3|0x00000000e0300000, 0x00000000e0400000, 0x00000000e0400000|100%|HC|  |TAMS 0x00000000e0300000| PB 0x00000000e0300000| Complete 
|   4|0x00000000e0400000, 0x00000000e0500000, 0x00000000e0500000|100%| O|  |TAMS 0x00000000e0400000| PB 0x00000000e0400000| Untracked 
|   5|0x00000000e0500000, 0x00000000e0600000, 0x00000000e0600000|100%| O|  |TAMS 0x00000000e0500000| PB 0x00000000e0500000| Untracked 
|   6|0x00000000e0600000, 0x00000000e0700000, 0x00000000e0700000|100%| O|  |TAMS 0x00000000e0600000| PB 0x00000000e0600000| Untracked 
|   7|0x00000000e0700000, 0x00000000e0800000, 0x00000000e0800000|100%|HS|  |TAMS 0x00000000e0700000| PB 0x00000000e0700000| Complete 
|   8|0x00000000e0800000, 0x00000000e0800000, 0x00000000e0900000|  0%| F|  |TAMS 0x00000000e0800000| PB 0x00000000e0800000| Untracked 
|   9|0x00000000e0900000, 0x00000000e0a00000, 0x00000000e0a00000|100%| O|Cm|TAMS 0x00000000e0900000| PB 0x00000000e0900000| Complete 
|  10|0x00000000e0a00000, 0x00000000e0b00000, 0x00000000e0b00000|100%| O|  |TAMS 0x00000000e0a00000| PB 0x00000000e0a00000| Untracked 
|  11|0x00000000e0b00000, 0x00000000e0c00000, 0x00000000e0c00000|100%| O|  |TAMS 0x00000000e0b00000| PB 0x00000000e0b00000| Untracked 
|  12|0x00000000e0c00000, 0x00000000e0d00000, 0x00000000e0d00000|100%| O|  |TAMS 0x00000000e0c00000| PB 0x00000000e0c00000| Untracked 
|  13|0x00000000e0d00000, 0x00000000e0d476f8, 0x00000000e0e00000| 27%| O|  |TAMS 0x00000000e0d00000| PB 0x00000000e0d00000| Untracked 
|  14|0x00000000e0e00000, 0x00000000e0e00000, 0x00000000e0f00000|  0%| F|  |TAMS 0x00000000e0e00000| PB 0x00000000e0e00000| Untracked 
|  15|0x00000000e0f00000, 0x00000000e0f00000, 0x00000000e1000000|  0%| F|  |TAMS 0x00000000e0f00000| PB 0x00000000e0f00000| Untracked 
|  16|0x00000000e1000000, 0x00000000e1000000, 0x00000000e1100000|  0%| F|  |TAMS 0x00000000e1000000| PB 0x00000000e1000000| Untracked 
|  17|0x00000000e1100000, 0x00000000e1100000, 0x00000000e1200000|  0%| F|  |TAMS 0x00000000e1100000| PB 0x00000000e1100000| Untracked 
|  18|0x00000000e1200000, 0x00000000e1200000, 0x00000000e1300000|  0%| F|  |TAMS 0x00000000e1200000| PB 0x00000000e1200000| Untracked 
|  19|0x00000000e1300000, 0x00000000e1300000, 0x00000000e1400000|  0%| F|  |TAMS 0x00000000e1300000| PB 0x00000000e1300000| Untracked 
|  20|0x00000000e1400000, 0x00000000e1400000, 0x00000000e1500000|  0%| F|  |TAMS 0x00000000e1400000| PB 0x00000000e1400000| Untracked 
|  21|0x00000000e1500000, 0x00000000e1500000, 0x00000000e1600000|  0%| F|  |TAMS 0x00000000e1500000| PB 0x00000000e1500000| Untracked 
|  22|0x00000000e1600000, 0x00000000e1600000, 0x00000000e1700000|  0%| F|  |TAMS 0x00000000e1600000| PB 0x00000000e1600000| Untracked 
|  23|0x00000000e1700000, 0x00000000e1700000, 0x00000000e1800000|  0%| F|  |TAMS 0x00000000e1700000| PB 0x00000000e1700000| Untracked 
|  24|0x00000000e1800000, 0x00000000e1800000, 0x00000000e1900000|  0%| F|  |TAMS 0x00000000e1800000| PB 0x00000000e1800000| Untracked 
|  25|0x00000000e1900000, 0x00000000e1900000, 0x00000000e1a00000|  0%| F|  |TAMS 0x00000000e1900000| PB 0x00000000e1900000| Untracked 
|  26|0x00000000e1a00000, 0x00000000e1a00000, 0x00000000e1b00000|  0%| F|  |TAMS 0x00000000e1a00000| PB 0x00000000e1a00000| Untracked 
|  27|0x00000000e1b00000, 0x00000000e1b00000, 0x00000000e1c00000|  0%| F|  |TAMS 0x00000000e1b00000| PB 0x00000000e1b00000| Untracked 
|  28|0x00000000e1c00000, 0x00000000e1c00000, 0x00000000e1d00000|  0%| F|  |TAMS 0x00000000e1c00000| PB 0x00000000e1c00000| Untracked 
|  29|0x00000000e1d00000, 0x00000000e1d00000, 0x00000000e1e00000|  0%| F|  |TAMS 0x00000000e1d00000| PB 0x00000000e1d00000| Untracked 
|  30|0x00000000e1e00000, 0x00000000e1e00000, 0x00000000e1f00000|  0%| F|  |TAMS 0x00000000e1e00000| PB 0x00000000e1e00000| Untracked 
|  31|0x00000000e1f00000, 0x00000000e1f00000, 0x00000000e2000000|  0%| F|  |TAMS 0x00000000e1f00000| PB 0x00000000e1f00000| Untracked 
|  32|0x00000000e2000000, 0x00000000e2000000, 0x00000000e2100000|  0%| F|  |TAMS 0x00000000e2000000| PB 0x00000000e2000000| Untracked 
|  33|0x00000000e2100000, 0x00000000e2100000, 0x00000000e2200000|  0%| F|  |TAMS 0x00000000e2100000| PB 0x00000000e2100000| Untracked 
|  34|0x00000000e2200000, 0x00000000e2200000, 0x00000000e2300000|  0%| F|  |TAMS 0x00000000e2200000| PB 0x00000000e2200000| Untracked 
|  35|0x00000000e2300000, 0x00000000e2300000, 0x00000000e2400000|  0%| F|  |TAMS 0x00000000e2300000| PB 0x00000000e2300000| Untracked 
|  36|0x00000000e2400000, 0x00000000e2400000, 0x00000000e2500000|  0%| F|  |TAMS 0x00000000e2400000| PB 0x00000000e2400000| Untracked 
|  37|0x00000000e2500000, 0x00000000e2500000, 0x00000000e2600000|  0%| F|  |TAMS 0x00000000e2500000| PB 0x00000000e2500000| Untracked 
|  38|0x00000000e2600000, 0x00000000e2600000, 0x00000000e2700000|  0%| F|  |TAMS 0x00000000e2600000| PB 0x00000000e2600000| Untracked 
|  39|0x00000000e2700000, 0x00000000e2700000, 0x00000000e2800000|  0%| F|  |TAMS 0x00000000e2700000| PB 0x00000000e2700000| Untracked 
|  40|0x00000000e2800000, 0x00000000e2800000, 0x00000000e2900000|  0%| F|  |TAMS 0x00000000e2800000| PB 0x00000000e2800000| Untracked 
|  41|0x00000000e2900000, 0x00000000e2900000, 0x00000000e2a00000|  0%| F|  |TAMS 0x00000000e2900000| PB 0x00000000e2900000| Untracked 
|  42|0x00000000e2a00000, 0x00000000e2a00000, 0x00000000e2b00000|  0%| F|  |TAMS 0x00000000e2a00000| PB 0x00000000e2a00000| Untracked 
|  43|0x00000000e2b00000, 0x00000000e2b00000, 0x00000000e2c00000|  0%| F|  |TAMS 0x00000000e2b00000| PB 0x00000000e2b00000| Untracked 
|  44|0x00000000e2c00000, 0x00000000e2c00000, 0x00000000e2d00000|  0%| F|  |TAMS 0x00000000e2c00000| PB 0x00000000e2c00000| Untracked 
|  45|0x00000000e2d00000, 0x00000000e2d00000, 0x00000000e2e00000|  0%| F|  |TAMS 0x00000000e2d00000| PB 0x00000000e2d00000| Untracked 
|  46|0x00000000e2e00000, 0x00000000e2e00000, 0x00000000e2f00000|  0%| F|  |TAMS 0x00000000e2e00000| PB 0x00000000e2e00000| Untracked 
|  47|0x00000000e2f00000, 0x00000000e2f00000, 0x00000000e3000000|  0%| F|  |TAMS 0x00000000e2f00000| PB 0x00000000e2f00000| Untracked 
|  48|0x00000000e3000000, 0x00000000e3000000, 0x00000000e3100000|  0%| F|  |TAMS 0x00000000e3000000| PB 0x00000000e3000000| Untracked 
|  49|0x00000000e3100000, 0x00000000e3100000, 0x00000000e3200000|  0%| F|  |TAMS 0x00000000e3100000| PB 0x00000000e3100000| Untracked 
|  50|0x00000000e3200000, 0x00000000e3200000, 0x00000000e3300000|  0%| F|  |TAMS 0x00000000e3200000| PB 0x00000000e3200000| Untracked 
|  51|0x00000000e3300000, 0x00000000e3300000, 0x00000000e3400000|  0%| F|  |TAMS 0x00000000e3300000| PB 0x00000000e3300000| Untracked 
|  52|0x00000000e3400000, 0x00000000e3400000, 0x00000000e3500000|  0%| F|  |TAMS 0x00000000e3400000| PB 0x00000000e3400000| Untracked 
|  53|0x00000000e3500000, 0x00000000e3500000, 0x00000000e3600000|  0%| F|  |TAMS 0x00000000e3500000| PB 0x00000000e3500000| Untracked 
|  54|0x00000000e3600000, 0x00000000e3600000, 0x00000000e3700000|  0%| F|  |TAMS 0x00000000e3600000| PB 0x00000000e3600000| Untracked 
|  55|0x00000000e3700000, 0x00000000e3700000, 0x00000000e3800000|  0%| F|  |TAMS 0x00000000e3700000| PB 0x00000000e3700000| Untracked 
|  56|0x00000000e3800000, 0x00000000e3800000, 0x00000000e3900000|  0%| F|  |TAMS 0x00000000e3800000| PB 0x00000000e3800000| Untracked 
|  57|0x00000000e3900000, 0x00000000e3900000, 0x00000000e3a00000|  0%| F|  |TAMS 0x00000000e3900000| PB 0x00000000e3900000| Untracked 
|  58|0x00000000e3a00000, 0x00000000e3a00000, 0x00000000e3b00000|  0%| F|  |TAMS 0x00000000e3a00000| PB 0x00000000e3a00000| Untracked 
|  59|0x00000000e3b00000, 0x00000000e3b00000, 0x00000000e3c00000|  0%| F|  |TAMS 0x00000000e3b00000| PB 0x00000000e3b00000| Untracked 
|  60|0x00000000e3c00000, 0x00000000e3c00000, 0x00000000e3d00000|  0%| F|  |TAMS 0x00000000e3c00000| PB 0x00000000e3c00000| Untracked 
|  61|0x00000000e3d00000, 0x00000000e3d00000, 0x00000000e3e00000|  0%| F|  |TAMS 0x00000000e3d00000| PB 0x00000000e3d00000| Untracked 
|  62|0x00000000e3e00000, 0x00000000e3e00000, 0x00000000e3f00000|  0%| F|  |TAMS 0x00000000e3e00000| PB 0x00000000e3e00000| Untracked 
|  63|0x00000000e3f00000, 0x00000000e3f00000, 0x00000000e4000000|  0%| F|  |TAMS 0x00000000e3f00000| PB 0x00000000e3f00000| Untracked 
|  64|0x00000000e4000000, 0x00000000e4000000, 0x00000000e4100000|  0%| F|  |TAMS 0x00000000e4000000| PB 0x00000000e4000000| Untracked 
|  65|0x00000000e4100000, 0x00000000e4100000, 0x00000000e4200000|  0%| F|  |TAMS 0x00000000e4100000| PB 0x00000000e4100000| Untracked 
|  66|0x00000000e4200000, 0x00000000e4200000, 0x00000000e4300000|  0%| F|  |TAMS 0x00000000e4200000| PB 0x00000000e4200000| Untracked 
|  67|0x00000000e4300000, 0x00000000e4300000, 0x00000000e4400000|  0%| F|  |TAMS 0x00000000e4300000| PB 0x00000000e4300000| Untracked 
|  68|0x00000000e4400000, 0x00000000e4400000, 0x00000000e4500000|  0%| F|  |TAMS 0x00000000e4400000| PB 0x00000000e4400000| Untracked 
|  69|0x00000000e4500000, 0x00000000e4500000, 0x00000000e4600000|  0%| F|  |TAMS 0x00000000e4500000| PB 0x00000000e4500000| Untracked 
|  70|0x00000000e4600000, 0x00000000e4600000, 0x00000000e4700000|  0%| F|  |TAMS 0x00000000e4600000| PB 0x00000000e4600000| Untracked 
|  71|0x00000000e4700000, 0x00000000e4700000, 0x00000000e4800000|  0%| F|  |TAMS 0x00000000e4700000| PB 0x00000000e4700000| Untracked 
|  72|0x00000000e4800000, 0x00000000e4800000, 0x00000000e4900000|  0%| F|  |TAMS 0x00000000e4800000| PB 0x00000000e4800000| Untracked 
|  73|0x00000000e4900000, 0x00000000e4900000, 0x00000000e4a00000|  0%| F|  |TAMS 0x00000000e4900000| PB 0x00000000e4900000| Untracked 
|  74|0x00000000e4a00000, 0x00000000e4a00000, 0x00000000e4b00000|  0%| F|  |TAMS 0x00000000e4a00000| PB 0x00000000e4a00000| Untracked 
|  75|0x00000000e4b00000, 0x00000000e4b00000, 0x00000000e4c00000|  0%| F|  |TAMS 0x00000000e4b00000| PB 0x00000000e4b00000| Untracked 
|  76|0x00000000e4c00000, 0x00000000e4c00000, 0x00000000e4d00000|  0%| F|  |TAMS 0x00000000e4c00000| PB 0x00000000e4c00000| Untracked 
|  77|0x00000000e4d00000, 0x00000000e4d00000, 0x00000000e4e00000|  0%| F|  |TAMS 0x00000000e4d00000| PB 0x00000000e4d00000| Untracked 
|  78|0x00000000e4e00000, 0x00000000e4e00000, 0x00000000e4f00000|  0%| F|  |TAMS 0x00000000e4e00000| PB 0x00000000e4e00000| Untracked 
|  79|0x00000000e4f00000, 0x00000000e4f00000, 0x00000000e5000000|  0%| F|  |TAMS 0x00000000e4f00000| PB 0x00000000e4f00000| Untracked 
|  80|0x00000000e5000000, 0x00000000e5000000, 0x00000000e5100000|  0%| F|  |TAMS 0x00000000e5000000| PB 0x00000000e5000000| Untracked 
|  81|0x00000000e5100000, 0x00000000e5100000, 0x00000000e5200000|  0%| F|  |TAMS 0x00000000e5100000| PB 0x00000000e5100000| Untracked 
|  82|0x00000000e5200000, 0x00000000e5200000, 0x00000000e5300000|  0%| F|  |TAMS 0x00000000e5200000| PB 0x00000000e5200000| Untracked 
|  83|0x00000000e5300000, 0x00000000e5300000, 0x00000000e5400000|  0%| F|  |TAMS 0x00000000e5300000| PB 0x00000000e5300000| Untracked 
|  84|0x00000000e5400000, 0x00000000e5400000, 0x00000000e5500000|  0%| F|  |TAMS 0x00000000e5400000| PB 0x00000000e5400000| Untracked 
|  85|0x00000000e5500000, 0x00000000e5500000, 0x00000000e5600000|  0%| F|  |TAMS 0x00000000e5500000| PB 0x00000000e5500000| Untracked 
|  86|0x00000000e5600000, 0x00000000e5600000, 0x00000000e5700000|  0%| F|  |TAMS 0x00000000e5600000| PB 0x00000000e5600000| Untracked 
|  87|0x00000000e5700000, 0x00000000e5700000, 0x00000000e5800000|  0%| F|  |TAMS 0x00000000e5700000| PB 0x00000000e5700000| Untracked 
|  88|0x00000000e5800000, 0x00000000e5800000, 0x00000000e5900000|  0%| F|  |TAMS 0x00000000e5800000| PB 0x00000000e5800000| Untracked 
|  89|0x00000000e5900000, 0x00000000e5900000, 0x00000000e5a00000|  0%| F|  |TAMS 0x00000000e5900000| PB 0x00000000e5900000| Untracked 
|  90|0x00000000e5a00000, 0x00000000e5a00000, 0x00000000e5b00000|  0%| F|  |TAMS 0x00000000e5a00000| PB 0x00000000e5a00000| Untracked 
|  91|0x00000000e5b00000, 0x00000000e5b00000, 0x00000000e5c00000|  0%| F|  |TAMS 0x00000000e5b00000| PB 0x00000000e5b00000| Untracked 
|  92|0x00000000e5c00000, 0x00000000e5c00000, 0x00000000e5d00000|  0%| F|  |TAMS 0x00000000e5c00000| PB 0x00000000e5c00000| Untracked 
|  93|0x00000000e5d00000, 0x00000000e5d00000, 0x00000000e5e00000|  0%| F|  |TAMS 0x00000000e5d00000| PB 0x00000000e5d00000| Untracked 
|  94|0x00000000e5e00000, 0x00000000e5e00000, 0x00000000e5f00000|  0%| F|  |TAMS 0x00000000e5e00000| PB 0x00000000e5e00000| Untracked 
|  95|0x00000000e5f00000, 0x00000000e5f00000, 0x00000000e6000000|  0%| F|  |TAMS 0x00000000e5f00000| PB 0x00000000e5f00000| Untracked 
|  96|0x00000000e6000000, 0x00000000e6000000, 0x00000000e6100000|  0%| F|  |TAMS 0x00000000e6000000| PB 0x00000000e6000000| Untracked 
|  97|0x00000000e6100000, 0x00000000e6100000, 0x00000000e6200000|  0%| F|  |TAMS 0x00000000e6100000| PB 0x00000000e6100000| Untracked 
|  98|0x00000000e6200000, 0x00000000e6200000, 0x00000000e6300000|  0%| F|  |TAMS 0x00000000e6200000| PB 0x00000000e6200000| Untracked 
|  99|0x00000000e6300000, 0x00000000e6300000, 0x00000000e6400000|  0%| F|  |TAMS 0x00000000e6300000| PB 0x00000000e6300000| Untracked 
| 100|0x00000000e6400000, 0x00000000e6400000, 0x00000000e6500000|  0%| F|  |TAMS 0x00000000e6400000| PB 0x00000000e6400000| Untracked 
| 101|0x00000000e6500000, 0x00000000e6500000, 0x00000000e6600000|  0%| F|  |TAMS 0x00000000e6500000| PB 0x00000000e6500000| Untracked 
| 102|0x00000000e6600000, 0x00000000e6600000, 0x00000000e6700000|  0%| F|  |TAMS 0x00000000e6600000| PB 0x00000000e6600000| Untracked 
| 103|0x00000000e6700000, 0x00000000e6700000, 0x00000000e6800000|  0%| F|  |TAMS 0x00000000e6700000| PB 0x00000000e6700000| Untracked 
| 104|0x00000000e6800000, 0x00000000e6800000, 0x00000000e6900000|  0%| F|  |TAMS 0x00000000e6800000| PB 0x00000000e6800000| Untracked 
| 105|0x00000000e6900000, 0x00000000e6900000, 0x00000000e6a00000|  0%| F|  |TAMS 0x00000000e6900000| PB 0x00000000e6900000| Untracked 
| 106|0x00000000e6a00000, 0x00000000e6a00000, 0x00000000e6b00000|  0%| F|  |TAMS 0x00000000e6a00000| PB 0x00000000e6a00000| Untracked 
| 107|0x00000000e6b00000, 0x00000000e6b00000, 0x00000000e6c00000|  0%| F|  |TAMS 0x00000000e6b00000| PB 0x00000000e6b00000| Untracked 
| 108|0x00000000e6c00000, 0x00000000e6c00000, 0x00000000e6d00000|  0%| F|  |TAMS 0x00000000e6c00000| PB 0x00000000e6c00000| Untracked 
| 109|0x00000000e6d00000, 0x00000000e6d00000, 0x00000000e6e00000|  0%| F|  |TAMS 0x00000000e6d00000| PB 0x00000000e6d00000| Untracked 
| 110|0x00000000e6e00000, 0x00000000e6e00000, 0x00000000e6f00000|  0%| F|  |TAMS 0x00000000e6e00000| PB 0x00000000e6e00000| Untracked 
| 111|0x00000000e6f00000, 0x00000000e6f00000, 0x00000000e7000000|  0%| F|  |TAMS 0x00000000e6f00000| PB 0x00000000e6f00000| Untracked 
| 112|0x00000000e7000000, 0x00000000e7000000, 0x00000000e7100000|  0%| F|  |TAMS 0x00000000e7000000| PB 0x00000000e7000000| Untracked 
| 113|0x00000000e7100000, 0x00000000e7100000, 0x00000000e7200000|  0%| F|  |TAMS 0x00000000e7100000| PB 0x00000000e7100000| Untracked 
| 114|0x00000000e7200000, 0x00000000e7200000, 0x00000000e7300000|  0%| F|  |TAMS 0x00000000e7200000| PB 0x00000000e7200000| Untracked 
| 115|0x00000000e7300000, 0x00000000e7300000, 0x00000000e7400000|  0%| F|  |TAMS 0x00000000e7300000| PB 0x00000000e7300000| Untracked 
| 116|0x00000000e7400000, 0x00000000e7400000, 0x00000000e7500000|  0%| F|  |TAMS 0x00000000e7400000| PB 0x00000000e7400000| Untracked 
| 117|0x00000000e7500000, 0x00000000e7500000, 0x00000000e7600000|  0%| F|  |TAMS 0x00000000e7500000| PB 0x00000000e7500000| Untracked 
| 118|0x00000000e7600000, 0x00000000e7600000, 0x00000000e7700000|  0%| F|  |TAMS 0x00000000e7600000| PB 0x00000000e7600000| Untracked 
| 119|0x00000000e7700000, 0x00000000e7700000, 0x00000000e7800000|  0%| F|  |TAMS 0x00000000e7700000| PB 0x00000000e7700000| Untracked 
| 120|0x00000000e7800000, 0x00000000e7800000, 0x00000000e7900000|  0%| F|  |TAMS 0x00000000e7800000| PB 0x00000000e7800000| Untracked 
| 121|0x00000000e7900000, 0x00000000e7900000, 0x00000000e7a00000|  0%| F|  |TAMS 0x00000000e7900000| PB 0x00000000e7900000| Untracked 
| 122|0x00000000e7a00000, 0x00000000e7a00000, 0x00000000e7b00000|  0%| F|  |TAMS 0x00000000e7a00000| PB 0x00000000e7a00000| Untracked 
| 123|0x00000000e7b00000, 0x00000000e7b00000, 0x00000000e7c00000|  0%| F|  |TAMS 0x00000000e7b00000| PB 0x00000000e7b00000| Untracked 
| 124|0x00000000e7c00000, 0x00000000e7c00000, 0x00000000e7d00000|  0%| F|  |TAMS 0x00000000e7c00000| PB 0x00000000e7c00000| Untracked 
| 125|0x00000000e7d00000, 0x00000000e7d00000, 0x00000000e7e00000|  0%| F|  |TAMS 0x00000000e7d00000| PB 0x00000000e7d00000| Untracked 
| 126|0x00000000e7e00000, 0x00000000e7e00000, 0x00000000e7f00000|  0%| F|  |TAMS 0x00000000e7e00000| PB 0x00000000e7e00000| Untracked 
| 127|0x00000000e7f00000, 0x00000000e7f00000, 0x00000000e8000000|  0%| F|  |TAMS 0x00000000e7f00000| PB 0x00000000e7f00000| Untracked 
| 128|0x00000000e8000000, 0x00000000e8000000, 0x00000000e8100000|  0%| F|  |TAMS 0x00000000e8000000| PB 0x00000000e8000000| Untracked 
| 129|0x00000000e8100000, 0x00000000e8100000, 0x00000000e8200000|  0%| F|  |TAMS 0x00000000e8100000| PB 0x00000000e8100000| Untracked 
| 130|0x00000000e8200000, 0x00000000e8200000, 0x00000000e8300000|  0%| F|  |TAMS 0x00000000e8200000| PB 0x00000000e8200000| Untracked 
| 131|0x00000000e8300000, 0x00000000e8300000, 0x00000000e8400000|  0%| F|  |TAMS 0x00000000e8300000| PB 0x00000000e8300000| Untracked 
| 132|0x00000000e8400000, 0x00000000e8400000, 0x00000000e8500000|  0%| F|  |TAMS 0x00000000e8400000| PB 0x00000000e8400000| Untracked 
| 133|0x00000000e8500000, 0x00000000e8500000, 0x00000000e8600000|  0%| F|  |TAMS 0x00000000e8500000| PB 0x00000000e8500000| Untracked 
| 134|0x00000000e8600000, 0x00000000e8600000, 0x00000000e8700000|  0%| F|  |TAMS 0x00000000e8600000| PB 0x00000000e8600000| Untracked 
| 135|0x00000000e8700000, 0x00000000e8700000, 0x00000000e8800000|  0%| F|  |TAMS 0x00000000e8700000| PB 0x00000000e8700000| Untracked 
| 136|0x00000000e8800000, 0x00000000e8800000, 0x00000000e8900000|  0%| F|  |TAMS 0x00000000e8800000| PB 0x00000000e8800000| Untracked 
| 137|0x00000000e8900000, 0x00000000e8900000, 0x00000000e8a00000|  0%| F|  |TAMS 0x00000000e8900000| PB 0x00000000e8900000| Untracked 
| 138|0x00000000e8a00000, 0x00000000e8a00000, 0x00000000e8b00000|  0%| F|  |TAMS 0x00000000e8a00000| PB 0x00000000e8a00000| Untracked 
| 139|0x00000000e8b00000, 0x00000000e8b00000, 0x00000000e8c00000|  0%| F|  |TAMS 0x00000000e8b00000| PB 0x00000000e8b00000| Untracked 
| 140|0x00000000e8c00000, 0x00000000e8c00000, 0x00000000e8d00000|  0%| F|  |TAMS 0x00000000e8c00000| PB 0x00000000e8c00000| Untracked 
| 141|0x00000000e8d00000, 0x00000000e8d00000, 0x00000000e8e00000|  0%| F|  |TAMS 0x00000000e8d00000| PB 0x00000000e8d00000| Untracked 
| 142|0x00000000e8e00000, 0x00000000e8e00000, 0x00000000e8f00000|  0%| F|  |TAMS 0x00000000e8e00000| PB 0x00000000e8e00000| Untracked 
| 143|0x00000000e8f00000, 0x00000000e8f00000, 0x00000000e9000000|  0%| F|  |TAMS 0x00000000e8f00000| PB 0x00000000e8f00000| Untracked 
| 144|0x00000000e9000000, 0x00000000e9000000, 0x00000000e9100000|  0%| F|  |TAMS 0x00000000e9000000| PB 0x00000000e9000000| Untracked 
| 145|0x00000000e9100000, 0x00000000e9100000, 0x00000000e9200000|  0%| F|  |TAMS 0x00000000e9100000| PB 0x00000000e9100000| Untracked 
| 146|0x00000000e9200000, 0x00000000e9200000, 0x00000000e9300000|  0%| F|  |TAMS 0x00000000e9200000| PB 0x00000000e9200000| Untracked 
| 147|0x00000000e9300000, 0x00000000e9300000, 0x00000000e9400000|  0%| F|  |TAMS 0x00000000e9300000| PB 0x00000000e9300000| Untracked 
| 148|0x00000000e9400000, 0x00000000e9400000, 0x00000000e9500000|  0%| F|  |TAMS 0x00000000e9400000| PB 0x00000000e9400000| Untracked 
| 149|0x00000000e9500000, 0x00000000e9500000, 0x00000000e9600000|  0%| F|  |TAMS 0x00000000e9500000| PB 0x00000000e9500000| Untracked 
| 150|0x00000000e9600000, 0x00000000e9600000, 0x00000000e9700000|  0%| F|  |TAMS 0x00000000e9600000| PB 0x00000000e9600000| Untracked 
| 151|0x00000000e9700000, 0x00000000e9700000, 0x00000000e9800000|  0%| F|  |TAMS 0x00000000e9700000| PB 0x00000000e9700000| Untracked 
| 152|0x00000000e9800000, 0x00000000e9800000, 0x00000000e9900000|  0%| F|  |TAMS 0x00000000e9800000| PB 0x00000000e9800000| Untracked 
| 153|0x00000000e9900000, 0x00000000e99acf00, 0x00000000e9a00000| 67%| S|CS|TAMS 0x00000000e9900000| PB 0x00000000e9900000| Complete 
| 154|0x00000000e9a00000, 0x00000000e9b00000, 0x00000000e9b00000|100%| S|CS|TAMS 0x00000000e9a00000| PB 0x00000000e9a00000| Complete 
| 155|0x00000000e9b00000, 0x00000000e9c00000, 0x00000000e9c00000|100%| S|CS|TAMS 0x00000000e9b00000| PB 0x00000000e9b00000| Complete 
| 156|0x00000000e9c00000, 0x00000000e9d00000, 0x00000000e9d00000|100%| S|CS|TAMS 0x00000000e9c00000| PB 0x00000000e9c00000| Complete 
| 157|0x00000000e9d00000, 0x00000000e9e00000, 0x00000000e9e00000|100%| S|CS|TAMS 0x00000000e9d00000| PB 0x00000000e9d00000| Complete 
| 158|0x00000000e9e00000, 0x00000000e9f00000, 0x00000000e9f00000|100%| S|CS|TAMS 0x00000000e9e00000| PB 0x00000000e9e00000| Complete 
| 159|0x00000000e9f00000, 0x00000000ea000000, 0x00000000ea000000|100%| S|CS|TAMS 0x00000000e9f00000| PB 0x00000000e9f00000| Complete 
| 160|0x00000000ea000000, 0x00000000ea100000, 0x00000000ea100000|100%| S|CS|TAMS 0x00000000ea000000| PB 0x00000000ea000000| Complete 
| 161|0x00000000ea100000, 0x00000000ea200000, 0x00000000ea200000|100%| S|CS|TAMS 0x00000000ea100000| PB 0x00000000ea100000| Complete 
| 162|0x00000000ea200000, 0x00000000ea300000, 0x00000000ea300000|100%| S|CS|TAMS 0x00000000ea200000| PB 0x00000000ea200000| Complete 
| 163|0x00000000ea300000, 0x00000000ea400000, 0x00000000ea400000|100%| S|CS|TAMS 0x00000000ea300000| PB 0x00000000ea300000| Complete 
| 164|0x00000000ea400000, 0x00000000ea500000, 0x00000000ea500000|100%| S|CS|TAMS 0x00000000ea400000| PB 0x00000000ea400000| Complete 
| 165|0x00000000ea500000, 0x00000000ea500000, 0x00000000ea600000|  0%| F|  |TAMS 0x00000000ea500000| PB 0x00000000ea500000| Untracked 
| 166|0x00000000ea600000, 0x00000000ea600000, 0x00000000ea700000|  0%| F|  |TAMS 0x00000000ea600000| PB 0x00000000ea600000| Untracked 
| 167|0x00000000ea700000, 0x00000000ea700000, 0x00000000ea800000|  0%| F|  |TAMS 0x00000000ea700000| PB 0x00000000ea700000| Untracked 
| 168|0x00000000ea800000, 0x00000000ea800000, 0x00000000ea900000|  0%| F|  |TAMS 0x00000000ea800000| PB 0x00000000ea800000| Untracked 
| 169|0x00000000ea900000, 0x00000000ea900000, 0x00000000eaa00000|  0%| F|  |TAMS 0x00000000ea900000| PB 0x00000000ea900000| Untracked 
| 170|0x00000000eaa00000, 0x00000000eaa00000, 0x00000000eab00000|  0%| F|  |TAMS 0x00000000eaa00000| PB 0x00000000eaa00000| Untracked 
| 171|0x00000000eab00000, 0x00000000eab00000, 0x00000000eac00000|  0%| F|  |TAMS 0x00000000eab00000| PB 0x00000000eab00000| Untracked 
| 172|0x00000000eac00000, 0x00000000eac00000, 0x00000000ead00000|  0%| F|  |TAMS 0x00000000eac00000| PB 0x00000000eac00000| Untracked 
| 173|0x00000000ead00000, 0x00000000ead00000, 0x00000000eae00000|  0%| F|  |TAMS 0x00000000ead00000| PB 0x00000000ead00000| Untracked 
| 174|0x00000000eae00000, 0x00000000eae00000, 0x00000000eaf00000|  0%| F|  |TAMS 0x00000000eae00000| PB 0x00000000eae00000| Untracked 
| 175|0x00000000eaf00000, 0x00000000eaf00000, 0x00000000eb000000|  0%| F|  |TAMS 0x00000000eaf00000| PB 0x00000000eaf00000| Untracked 
| 176|0x00000000eb000000, 0x00000000eb000000, 0x00000000eb100000|  0%| F|  |TAMS 0x00000000eb000000| PB 0x00000000eb000000| Untracked 
| 177|0x00000000eb100000, 0x00000000eb100000, 0x00000000eb200000|  0%| F|  |TAMS 0x00000000eb100000| PB 0x00000000eb100000| Untracked 
| 178|0x00000000eb200000, 0x00000000eb200000, 0x00000000eb300000|  0%| F|  |TAMS 0x00000000eb200000| PB 0x00000000eb200000| Untracked 
| 179|0x00000000eb300000, 0x00000000eb300000, 0x00000000eb400000|  0%| F|  |TAMS 0x00000000eb300000| PB 0x00000000eb300000| Untracked 
| 180|0x00000000eb400000, 0x00000000eb400000, 0x00000000eb500000|  0%| F|  |TAMS 0x00000000eb400000| PB 0x00000000eb400000| Untracked 
| 181|0x00000000eb500000, 0x00000000eb500000, 0x00000000eb600000|  0%| F|  |TAMS 0x00000000eb500000| PB 0x00000000eb500000| Untracked 
| 182|0x00000000eb600000, 0x00000000eb600000, 0x00000000eb700000|  0%| F|  |TAMS 0x00000000eb600000| PB 0x00000000eb600000| Untracked 
| 183|0x00000000eb700000, 0x00000000eb700000, 0x00000000eb800000|  0%| F|  |TAMS 0x00000000eb700000| PB 0x00000000eb700000| Untracked 
| 184|0x00000000eb800000, 0x00000000eb800000, 0x00000000eb900000|  0%| F|  |TAMS 0x00000000eb800000| PB 0x00000000eb800000| Untracked 
| 185|0x00000000eb900000, 0x00000000eb900000, 0x00000000eba00000|  0%| F|  |TAMS 0x00000000eb900000| PB 0x00000000eb900000| Untracked 
| 186|0x00000000eba00000, 0x00000000eba00000, 0x00000000ebb00000|  0%| F|  |TAMS 0x00000000eba00000| PB 0x00000000eba00000| Untracked 
| 187|0x00000000ebb00000, 0x00000000ebb00000, 0x00000000ebc00000|  0%| F|  |TAMS 0x00000000ebb00000| PB 0x00000000ebb00000| Untracked 
| 188|0x00000000ebc00000, 0x00000000ebc00000, 0x00000000ebd00000|  0%| F|  |TAMS 0x00000000ebc00000| PB 0x00000000ebc00000| Untracked 
| 189|0x00000000ebd00000, 0x00000000ebd00000, 0x00000000ebe00000|  0%| F|  |TAMS 0x00000000ebd00000| PB 0x00000000ebd00000| Untracked 
| 190|0x00000000ebe00000, 0x00000000ebe00000, 0x00000000ebf00000|  0%| F|  |TAMS 0x00000000ebe00000| PB 0x00000000ebe00000| Untracked 
| 191|0x00000000ebf00000, 0x00000000ebf00000, 0x00000000ec000000|  0%| F|  |TAMS 0x00000000ebf00000| PB 0x00000000ebf00000| Untracked 
| 192|0x00000000ec000000, 0x00000000ec000000, 0x00000000ec100000|  0%| F|  |TAMS 0x00000000ec000000| PB 0x00000000ec000000| Untracked 
| 193|0x00000000ec100000, 0x00000000ec100000, 0x00000000ec200000|  0%| F|  |TAMS 0x00000000ec100000| PB 0x00000000ec100000| Untracked 
| 194|0x00000000ec200000, 0x00000000ec200000, 0x00000000ec300000|  0%| F|  |TAMS 0x00000000ec200000| PB 0x00000000ec200000| Untracked 
| 195|0x00000000ec300000, 0x00000000ec300000, 0x00000000ec400000|  0%| F|  |TAMS 0x00000000ec300000| PB 0x00000000ec300000| Untracked 
| 196|0x00000000ec400000, 0x00000000ec400000, 0x00000000ec500000|  0%| F|  |TAMS 0x00000000ec400000| PB 0x00000000ec400000| Untracked 
| 197|0x00000000ec500000, 0x00000000ec500000, 0x00000000ec600000|  0%| F|  |TAMS 0x00000000ec500000| PB 0x00000000ec500000| Untracked 
| 198|0x00000000ec600000, 0x00000000ec600000, 0x00000000ec700000|  0%| F|  |TAMS 0x00000000ec600000| PB 0x00000000ec600000| Untracked 
| 199|0x00000000ec700000, 0x00000000ec800000, 0x00000000ec800000|100%| E|  |TAMS 0x00000000ec700000| PB 0x00000000ec700000| Complete 
| 200|0x00000000ec800000, 0x00000000ec900000, 0x00000000ec900000|100%| E|CS|TAMS 0x00000000ec800000| PB 0x00000000ec800000| Complete 
| 201|0x00000000ec900000, 0x00000000eca00000, 0x00000000eca00000|100%| E|CS|TAMS 0x00000000ec900000| PB 0x00000000ec900000| Complete 
| 202|0x00000000eca00000, 0x00000000ecb00000, 0x00000000ecb00000|100%| E|CS|TAMS 0x00000000eca00000| PB 0x00000000eca00000| Complete 
| 203|0x00000000ecb00000, 0x00000000ecc00000, 0x00000000ecc00000|100%| E|CS|TAMS 0x00000000ecb00000| PB 0x00000000ecb00000| Complete 
| 204|0x00000000ecc00000, 0x00000000ecd00000, 0x00000000ecd00000|100%| E|CS|TAMS 0x00000000ecc00000| PB 0x00000000ecc00000| Complete 
| 205|0x00000000ecd00000, 0x00000000ece00000, 0x00000000ece00000|100%| E|CS|TAMS 0x00000000ecd00000| PB 0x00000000ecd00000| Complete 
| 206|0x00000000ece00000, 0x00000000ecf00000, 0x00000000ecf00000|100%| E|CS|TAMS 0x00000000ece00000| PB 0x00000000ece00000| Complete 
| 207|0x00000000ecf00000, 0x00000000ed000000, 0x00000000ed000000|100%| E|CS|TAMS 0x00000000ecf00000| PB 0x00000000ecf00000| Complete 
| 208|0x00000000ed000000, 0x00000000ed100000, 0x00000000ed100000|100%| E|CS|TAMS 0x00000000ed000000| PB 0x00000000ed000000| Complete 
| 209|0x00000000ed100000, 0x00000000ed200000, 0x00000000ed200000|100%| E|CS|TAMS 0x00000000ed100000| PB 0x00000000ed100000| Complete 
| 210|0x00000000ed200000, 0x00000000ed300000, 0x00000000ed300000|100%| E|CS|TAMS 0x00000000ed200000| PB 0x00000000ed200000| Complete 
| 211|0x00000000ed300000, 0x00000000ed400000, 0x00000000ed400000|100%| E|CS|TAMS 0x00000000ed300000| PB 0x00000000ed300000| Complete 
| 212|0x00000000ed400000, 0x00000000ed500000, 0x00000000ed500000|100%| E|CS|TAMS 0x00000000ed400000| PB 0x00000000ed400000| Complete 
| 213|0x00000000ed500000, 0x00000000ed600000, 0x00000000ed600000|100%| E|CS|TAMS 0x00000000ed500000| PB 0x00000000ed500000| Complete 
| 214|0x00000000ed600000, 0x00000000ed700000, 0x00000000ed700000|100%| E|CS|TAMS 0x00000000ed600000| PB 0x00000000ed600000| Complete 
| 215|0x00000000ed700000, 0x00000000ed800000, 0x00000000ed800000|100%| E|CS|TAMS 0x00000000ed700000| PB 0x00000000ed700000| Complete 
| 216|0x00000000ed800000, 0x00000000ed900000, 0x00000000ed900000|100%| E|CS|TAMS 0x00000000ed800000| PB 0x00000000ed800000| Complete 
| 217|0x00000000ed900000, 0x00000000eda00000, 0x00000000eda00000|100%| E|CS|TAMS 0x00000000ed900000| PB 0x00000000ed900000| Complete 
| 218|0x00000000eda00000, 0x00000000edb00000, 0x00000000edb00000|100%| E|CS|TAMS 0x00000000eda00000| PB 0x00000000eda00000| Complete 
| 219|0x00000000edb00000, 0x00000000edc00000, 0x00000000edc00000|100%| E|CS|TAMS 0x00000000edb00000| PB 0x00000000edb00000| Complete 
| 220|0x00000000edc00000, 0x00000000edd00000, 0x00000000edd00000|100%| E|CS|TAMS 0x00000000edc00000| PB 0x00000000edc00000| Complete 
| 221|0x00000000edd00000, 0x00000000ede00000, 0x00000000ede00000|100%| E|CS|TAMS 0x00000000edd00000| PB 0x00000000edd00000| Complete 
| 222|0x00000000ede00000, 0x00000000edf00000, 0x00000000edf00000|100%| E|CS|TAMS 0x00000000ede00000| PB 0x00000000ede00000| Complete 
| 223|0x00000000edf00000, 0x00000000ee000000, 0x00000000ee000000|100%| E|  |TAMS 0x00000000edf00000| PB 0x00000000edf00000| Complete 
| 224|0x00000000ee000000, 0x00000000ee100000, 0x00000000ee100000|100%| E|CS|TAMS 0x00000000ee000000| PB 0x00000000ee000000| Complete 
| 225|0x00000000ee100000, 0x00000000ee200000, 0x00000000ee200000|100%| E|CS|TAMS 0x00000000ee100000| PB 0x00000000ee100000| Complete 
| 226|0x00000000ee200000, 0x00000000ee300000, 0x00000000ee300000|100%| E|CS|TAMS 0x00000000ee200000| PB 0x00000000ee200000| Complete 
| 227|0x00000000ee300000, 0x00000000ee400000, 0x00000000ee400000|100%| E|CS|TAMS 0x00000000ee300000| PB 0x00000000ee300000| Complete 
| 228|0x00000000ee400000, 0x00000000ee500000, 0x00000000ee500000|100%| E|CS|TAMS 0x00000000ee400000| PB 0x00000000ee400000| Complete 
| 229|0x00000000ee500000, 0x00000000ee600000, 0x00000000ee600000|100%| E|CS|TAMS 0x00000000ee500000| PB 0x00000000ee500000| Complete 
| 230|0x00000000ee600000, 0x00000000ee700000, 0x00000000ee700000|100%| E|CS|TAMS 0x00000000ee600000| PB 0x00000000ee600000| Complete 
| 231|0x00000000ee700000, 0x00000000ee800000, 0x00000000ee800000|100%| E|CS|TAMS 0x00000000ee700000| PB 0x00000000ee700000| Complete 
| 232|0x00000000ee800000, 0x00000000ee900000, 0x00000000ee900000|100%| E|CS|TAMS 0x00000000ee800000| PB 0x00000000ee800000| Complete 
| 233|0x00000000ee900000, 0x00000000eea00000, 0x00000000eea00000|100%| E|CS|TAMS 0x00000000ee900000| PB 0x00000000ee900000| Complete 
| 234|0x00000000eea00000, 0x00000000eeb00000, 0x00000000eeb00000|100%| E|CS|TAMS 0x00000000eea00000| PB 0x00000000eea00000| Complete 
| 235|0x00000000eeb00000, 0x00000000eec00000, 0x00000000eec00000|100%| E|CS|TAMS 0x00000000eeb00000| PB 0x00000000eeb00000| Complete 
| 236|0x00000000eec00000, 0x00000000eed00000, 0x00000000eed00000|100%| E|CS|TAMS 0x00000000eec00000| PB 0x00000000eec00000| Complete 
| 237|0x00000000eed00000, 0x00000000eee00000, 0x00000000eee00000|100%| E|CS|TAMS 0x00000000eed00000| PB 0x00000000eed00000| Complete 
| 238|0x00000000eee00000, 0x00000000eef00000, 0x00000000eef00000|100%| E|CS|TAMS 0x00000000eee00000| PB 0x00000000eee00000| Complete 
| 239|0x00000000eef00000, 0x00000000ef000000, 0x00000000ef000000|100%| E|CS|TAMS 0x00000000eef00000| PB 0x00000000eef00000| Complete 
| 240|0x00000000ef000000, 0x00000000ef100000, 0x00000000ef100000|100%| E|CS|TAMS 0x00000000ef000000| PB 0x00000000ef000000| Complete 
| 241|0x00000000ef100000, 0x00000000ef200000, 0x00000000ef200000|100%| E|CS|TAMS 0x00000000ef100000| PB 0x00000000ef100000| Complete 
| 242|0x00000000ef200000, 0x00000000ef300000, 0x00000000ef300000|100%| E|CS|TAMS 0x00000000ef200000| PB 0x00000000ef200000| Complete 
| 243|0x00000000ef300000, 0x00000000ef400000, 0x00000000ef400000|100%| E|CS|TAMS 0x00000000ef300000| PB 0x00000000ef300000| Complete 
| 244|0x00000000ef400000, 0x00000000ef500000, 0x00000000ef500000|100%| E|CS|TAMS 0x00000000ef400000| PB 0x00000000ef400000| Complete 
| 245|0x00000000ef500000, 0x00000000ef600000, 0x00000000ef600000|100%| E|CS|TAMS 0x00000000ef500000| PB 0x00000000ef500000| Complete 
| 246|0x00000000ef600000, 0x00000000ef700000, 0x00000000ef700000|100%| E|CS|TAMS 0x00000000ef600000| PB 0x00000000ef600000| Complete 
| 247|0x00000000ef700000, 0x00000000ef800000, 0x00000000ef800000|100%| E|CS|TAMS 0x00000000ef700000| PB 0x00000000ef700000| Complete 
| 248|0x00000000ef800000, 0x00000000ef900000, 0x00000000ef900000|100%| E|CS|TAMS 0x00000000ef800000| PB 0x00000000ef800000| Complete 
| 249|0x00000000ef900000, 0x00000000efa00000, 0x00000000efa00000|100%| E|CS|TAMS 0x00000000ef900000| PB 0x00000000ef900000| Complete 
| 250|0x00000000efa00000, 0x00000000efb00000, 0x00000000efb00000|100%| E|CS|TAMS 0x00000000efa00000| PB 0x00000000efa00000| Complete 
| 251|0x00000000efb00000, 0x00000000efc00000, 0x00000000efc00000|100%| E|CS|TAMS 0x00000000efb00000| PB 0x00000000efb00000| Complete 
| 252|0x00000000efc00000, 0x00000000efd00000, 0x00000000efd00000|100%| E|CS|TAMS 0x00000000efc00000| PB 0x00000000efc00000| Complete 
| 253|0x00000000efd00000, 0x00000000efe00000, 0x00000000efe00000|100%| E|CS|TAMS 0x00000000efd00000| PB 0x00000000efd00000| Complete 
| 254|0x00000000efe00000, 0x00000000eff00000, 0x00000000eff00000|100%| E|CS|TAMS 0x00000000efe00000| PB 0x00000000efe00000| Complete 
| 255|0x00000000eff00000, 0x00000000f0000000, 0x00000000f0000000|100%| E|CS|TAMS 0x00000000eff00000| PB 0x00000000eff00000| Complete 

Card table byte_map: [0x000001e560c40000,0x000001e560d40000] _byte_map_base: 0x000001e560540000

Marking Bits: (CMBitMap*) 0x000001e5495d8160
 Bits: [0x000001e560d40000, 0x000001e561540000)

Polling page: 0x000001e547750000

Metaspace:

Usage:
  Non-class:     23.54 MB used.
      Class:      4.05 MB used.
       Both:     27.59 MB used.

Virtual space:
  Non-class space:       64.00 MB reserved,      24.06 MB ( 38%) committed,  1 nodes.
      Class space:      320.00 MB reserved,       4.50 MB (  1%) committed,  1 nodes.
             Both:      384.00 MB reserved,      28.56 MB (  7%) committed. 

Chunk freelists:
   Non-Class:  7.97 MB
       Class:  11.45 MB
        Both:  19.42 MB

MaxMetaspaceSize: 384.00 MB
CompressedClassSpaceSize: 320.00 MB
Initial GC threshold: 21.00 MB
Current GC threshold: 35.25 MB
CDS: on
 - commit_granule_bytes: 65536.
 - commit_granule_words: 8192.
 - virtual_space_node_default_size: 8388608.
 - enlarge_chunks_in_place: 1.
 - use_allocation_guard: 0.


Internal statistics:

num_allocs_failed_limit: 3.
num_arena_births: 1552.
num_arena_deaths: 0.
num_vsnodes_births: 2.
num_vsnodes_deaths: 0.
num_space_committed: 457.
num_space_uncommitted: 0.
num_chunks_returned_to_freelist: 3.
num_chunks_taken_from_freelist: 2775.
num_chunk_merges: 3.
num_chunk_splits: 1768.
num_chunks_enlarged: 1078.
num_inconsistent_stats: 0.

CodeHeap 'non-profiled nmethods': size=120000Kb used=1808Kb max_used=1808Kb free=118192Kb
 bounds [0x000001e559500000, 0x000001e559770000, 0x000001e560a30000]
CodeHeap 'profiled nmethods': size=120000Kb used=7303Kb max_used=7303Kb free=112696Kb
 bounds [0x000001e551a30000, 0x000001e552160000, 0x000001e558f60000]
CodeHeap 'non-nmethods': size=5760Kb used=1524Kb max_used=1580Kb free=4235Kb
 bounds [0x000001e558f60000, 0x000001e5591d0000, 0x000001e559500000]
 total_blobs=4149 nmethods=3555 adapters=498
 compilation: enabled
              stopped_count=0, restarted_count=0
 full_count=0

Compilation events (20 events):
Event: 5.733 Thread 0x000001e563d92750 nmethod 3515 0x000001e55212a890 code [0x000001e55212ab60, 0x000001e55212b8a0]
Event: 5.733 Thread 0x000001e563d92750 3518       3       org.objectweb.asm.ClassVisitor::visitMethod (24 bytes)
Event: 5.733 Thread 0x000001e563d92750 nmethod 3518 0x000001e55212bd90 code [0x000001e55212bf40, 0x000001e55212c180]
Event: 5.733 Thread 0x000001e563d92750 3519       3       org.objectweb.asm.ByteVector::put11 (52 bytes)
Event: 5.733 Thread 0x000001e563d92750 nmethod 3519 0x000001e55212c290 code [0x000001e55212c440, 0x000001e55212c650]
Event: 5.733 Thread 0x000001e563d92750 3521       3       org.objectweb.asm.Frame::merge (395 bytes)
Event: 5.734 Thread 0x000001e563d92750 nmethod 3521 0x000001e55212c790 code [0x000001e55212ca40, 0x000001e55212d830]
Event: 5.734 Thread 0x000001e563d92750 3520       3       org.objectweb.asm.Edge::<init> (20 bytes)
Event: 5.734 Thread 0x000001e563d92750 nmethod 3520 0x000001e55212de90 code [0x000001e55212e040, 0x000001e55212e268]
Event: 5.734 Thread 0x000001e563d92750 3516       3       java.util.stream.MatchOps::makeRef (29 bytes)
Event: 5.735 Thread 0x000001e563d92750 nmethod 3516 0x000001e55212e310 code [0x000001e55212e560, 0x000001e55212f108]
Event: 5.735 Thread 0x000001e563d92750 3517       3       java.util.stream.MatchOps$$Lambda/0x000001e56517c118::<init> (15 bytes)
Event: 5.735 Thread 0x000001e563d92750 nmethod 3517 0x000001e55212f490 code [0x000001e55212f640, 0x000001e55212f860]
Event: 5.737 Thread 0x000001e563d92750 3522       3       org.objectweb.asm.MethodVisitor::visitFieldInsn (20 bytes)
Event: 5.738 Thread 0x000001e563d92750 nmethod 3522 0x000001e55212f910 code [0x000001e55212fac0, 0x000001e55212fcd0]
Event: 5.738 Thread 0x000001e563d92750 3525       3       org.objectweb.asm.MethodWriter::addSuccessorToCurrentBasicBlock (24 bytes)
Event: 5.738 Thread 0x000001e563d92750 nmethod 3525 0x000001e55212fd90 code [0x000001e55212ff40, 0x000001e552130290]
Event: 5.738 Thread 0x000001e563d92750 3523       3       org.objectweb.asm.SymbolTable::getType (7 bytes)
Event: 5.738 Thread 0x000001e563d92750 nmethod 3523 0x000001e552130410 code [0x000001e5521305a0, 0x000001e5521306d8]
Event: 5.738 Thread 0x000001e563d92750 3524       3       org.gradle.model.internal.asm.ClassVisitorScope::publicMethod (11 bytes)

GC Heap History (8 events):
Event: 0.956 GC heap before
{Heap before GC invocations=0 (full 0):
 garbage-first heap   total 262144K, used 20480K [0x00000000e0000000, 0x0000000100000000)
  region size 1024K, 21 young (21504K), 0 survivors (0K)
 Metaspace       used 1055K, committed 1152K, reserved 393216K
  class space    used 77K, committed 128K, reserved 327680K
}
Event: 0.960 GC heap after
{Heap after GC invocations=1 (full 0):
 garbage-first heap   total 262144K, used 2624K [0x00000000e0000000, 0x0000000100000000)
  region size 1024K, 3 young (3072K), 3 survivors (3072K)
 Metaspace       used 1055K, committed 1152K, reserved 393216K
  class space    used 77K, committed 128K, reserved 327680K
}
Event: 1.746 GC heap before
{Heap before GC invocations=1 (full 0):
 garbage-first heap   total 262144K, used 38464K [0x00000000e0000000, 0x0000000100000000)
  region size 1024K, 35 young (35840K), 3 survivors (3072K)
 Metaspace       used 4348K, committed 4544K, reserved 393216K
  class space    used 541K, committed 640K, reserved 327680K
}
Event: 1.751 GC heap after
{Heap after GC invocations=2 (full 0):
 garbage-first heap   total 262144K, used 11409K [0x00000000e0000000, 0x0000000100000000)
  region size 1024K, 5 young (5120K), 5 survivors (5120K)
 Metaspace       used 4348K, committed 4544K, reserved 393216K
  class space    used 541K, committed 640K, reserved 327680K
}
Event: 2.509 GC heap before
{Heap before GC invocations=2 (full 0):
 garbage-first heap   total 262144K, used 57489K [0x00000000e0000000, 0x0000000100000000)
  region size 1024K, 48 young (49152K), 5 survivors (5120K)
 Metaspace       used 4894K, committed 5184K, reserved 393216K
  class space    used 632K, committed 768K, reserved 327680K
}
Event: 2.515 GC heap after
{Heap after GC invocations=3 (full 0):
 garbage-first heap   total 262144K, used 17580K [0x00000000e0000000, 0x0000000100000000)
  region size 1024K, 5 young (5120K), 5 survivors (5120K)
 Metaspace       used 4894K, committed 5184K, reserved 393216K
  class space    used 632K, committed 768K, reserved 327680K
}
Event: 4.516 GC heap before
{Heap before GC invocations=3 (full 0):
 garbage-first heap   total 262144K, used 104620K [0x00000000e0000000, 0x0000000100000000)
  region size 1024K, 91 young (93184K), 5 survivors (5120K)
 Metaspace       used 20900K, committed 21504K, reserved 393216K
  class space    used 3002K, committed 3328K, reserved 327680K
}
Event: 4.526 GC heap after
{Heap after GC invocations=4 (full 0):
 garbage-first heap   total 262144K, used 24529K [0x00000000e0000000, 0x0000000100000000)
  region size 1024K, 12 young (12288K), 12 survivors (12288K)
 Metaspace       used 20900K, committed 21504K, reserved 393216K
  class space    used 3002K, committed 3328K, reserved 327680K
}

Dll operation events (15 events):
Event: 0.105 Loaded shared library C:\Program Files\Java\jdk-21\bin\java.dll
Event: 0.216 Loaded shared library C:\Program Files\Java\jdk-21\bin\jsvml.dll
Event: 0.392 Loaded shared library C:\Program Files\Java\jdk-21\bin\zip.dll
Event: 0.399 Loaded shared library C:\Program Files\Java\jdk-21\bin\instrument.dll
Event: 0.404 Loaded shared library C:\Program Files\Java\jdk-21\bin\net.dll
Event: 0.406 Loaded shared library C:\Program Files\Java\jdk-21\bin\nio.dll
Event: 0.409 Loaded shared library C:\Program Files\Java\jdk-21\bin\zip.dll
Event: 0.888 Loaded shared library C:\Program Files\Java\jdk-21\bin\jimage.dll
Event: 1.070 Loaded shared library C:\Program Files\Java\jdk-21\bin\verify.dll
Event: 1.249 Loaded shared library C:\Users\Usuario\.gradle\native\c067742578af261105cb4f569cf0c3c89f3d7b1fecec35dd04571415982c5e48\windows-amd64\native-platform.dll
Event: 1.254 Loaded shared library C:\Users\Usuario\.gradle\native\100fb08df4bc3b14c8652ba06237920a3bd2aa13389f12d3474272988ae205f9\windows-amd64\native-platform-file-events.dll
Event: 2.709 Loaded shared library C:\Program Files\Java\jdk-21\bin\management.dll
Event: 2.712 Loaded shared library C:\Program Files\Java\jdk-21\bin\management_ext.dll
Event: 2.958 Loaded shared library C:\Program Files\Java\jdk-21\bin\extnet.dll
Event: 3.102 Loaded shared library C:\Program Files\Java\jdk-21\bin\sunmscapi.dll

Deoptimization events (20 events):
Event: 5.410 Thread 0x000001e57ec33b80 DEOPT PACKING pc=0x000001e5520cb54d sp=0x000000be030f7e90
Event: 5.410 Thread 0x000001e57ec33b80 DEOPT UNPACKING pc=0x000001e558fb4e42 sp=0x000000be030f7308 mode 0
Event: 5.411 Thread 0x000001e57ec33b80 DEOPT PACKING pc=0x000001e5520cb54d sp=0x000000be030f6520
Event: 5.411 Thread 0x000001e57ec33b80 DEOPT UNPACKING pc=0x000001e558fb4e42 sp=0x000000be030f5998 mode 0
Event: 5.411 Thread 0x000001e57ec33b80 DEOPT PACKING pc=0x000001e5520cb54d sp=0x000000be030f6520
Event: 5.411 Thread 0x000001e57ec33b80 DEOPT UNPACKING pc=0x000001e558fb4e42 sp=0x000000be030f5998 mode 0
Event: 5.412 Thread 0x000001e57ec33b80 DEOPT PACKING pc=0x000001e5520cb3af sp=0x000000be030f4bb0
Event: 5.412 Thread 0x000001e57ec33b80 DEOPT UNPACKING pc=0x000001e558fb4e42 sp=0x000000be030f4028 mode 0
Event: 5.414 Thread 0x000001e57ec33b80 DEOPT PACKING pc=0x000001e5520cb3af sp=0x000000be030f5ff0
Event: 5.414 Thread 0x000001e57ec33b80 DEOPT UNPACKING pc=0x000001e558fb4e42 sp=0x000000be030f5468 mode 0
Event: 5.414 Thread 0x000001e57ec33b80 DEOPT PACKING pc=0x000001e5520cb3af sp=0x000000be030f5ff0
Event: 5.414 Thread 0x000001e57ec33b80 DEOPT UNPACKING pc=0x000001e558fb4e42 sp=0x000000be030f5468 mode 0
Event: 5.416 Thread 0x000001e57ec33b80 DEOPT PACKING pc=0x000001e5520cb54d sp=0x000000be030f7960
Event: 5.416 Thread 0x000001e57ec33b80 DEOPT UNPACKING pc=0x000001e558fb4e42 sp=0x000000be030f6dd8 mode 0
Event: 5.418 Thread 0x000001e57ec33b80 DEOPT PACKING pc=0x000001e5520cb54d sp=0x000000be030fa910
Event: 5.418 Thread 0x000001e57ec33b80 DEOPT UNPACKING pc=0x000001e558fb4e42 sp=0x000000be030f9d88 mode 0
Event: 5.419 Thread 0x000001e57ec33b80 DEOPT PACKING pc=0x000001e5520cb54d sp=0x000000be030faee0
Event: 5.419 Thread 0x000001e57ec33b80 DEOPT UNPACKING pc=0x000001e558fb4e42 sp=0x000000be030fa358 mode 0
Event: 5.420 Thread 0x000001e57ec33b80 DEOPT PACKING pc=0x000001e5520cb54d sp=0x000000be030fae70
Event: 5.420 Thread 0x000001e57ec33b80 DEOPT UNPACKING pc=0x000001e558fb4e42 sp=0x000000be030fa2e8 mode 0

Classes loaded (20 events):
Event: 5.323 Loading class java/util/jar/JarVerifier$VerifierStream
Event: 5.324 Loading class java/util/jar/JarVerifier$VerifierStream done
Event: 5.324 Loading class sun/security/util/ManifestEntryVerifier$SunProviderHolder
Event: 5.324 Loading class sun/security/util/ManifestEntryVerifier$SunProviderHolder done
Event: 5.398 Loading class java/util/concurrent/locks/ReentrantReadWriteLock
Event: 5.399 Loading class java/util/concurrent/locks/ReadWriteLock
Event: 5.399 Loading class java/util/concurrent/locks/ReadWriteLock done
Event: 5.399 Loading class java/util/concurrent/locks/ReentrantReadWriteLock done
Event: 5.399 Loading class java/util/concurrent/locks/ReentrantReadWriteLock$NonfairSync
Event: 5.399 Loading class java/util/concurrent/locks/ReentrantReadWriteLock$Sync
Event: 5.399 Loading class java/util/concurrent/locks/ReentrantReadWriteLock$Sync done
Event: 5.399 Loading class java/util/concurrent/locks/ReentrantReadWriteLock$NonfairSync done
Event: 5.399 Loading class java/util/concurrent/locks/ReentrantReadWriteLock$Sync$ThreadLocalHoldCounter
Event: 5.399 Loading class java/util/concurrent/locks/ReentrantReadWriteLock$Sync$ThreadLocalHoldCounter done
Event: 5.399 Loading class java/util/concurrent/locks/ReentrantReadWriteLock$ReadLock
Event: 5.399 Loading class java/util/concurrent/locks/ReentrantReadWriteLock$ReadLock done
Event: 5.399 Loading class java/util/concurrent/locks/ReentrantReadWriteLock$WriteLock
Event: 5.399 Loading class java/util/concurrent/locks/ReentrantReadWriteLock$WriteLock done
Event: 5.527 Loading class java/lang/StringIndexOutOfBoundsException
Event: 5.527 Loading class java/lang/StringIndexOutOfBoundsException done

Classes unloaded (0 events):
No events

Classes redefined (0 events):
No events

Internal exceptions (20 events):
Event: 5.161 Thread 0x000001e57ec33b80 Exception <a 'java/lang/NoSuchMethodError'{0x00000000ee5bdce0}: 'java.lang.Object java.lang.invoke.DirectMethodHandle$Holder.newInvokeSpecial(java.lang.Object, java.lang.Object, int, java.lang.Object)'> (0x00000000ee5bdce0) 
thrown [s\open\src\hotspot\share\interpreter\linkResolver.cpp, line 773]
Event: 5.161 Thread 0x000001e57ec33b80 Exception <a 'java/lang/NoSuchMethodError'{0x00000000ee5c1ef8}: 'java.lang.Object java.lang.invoke.DirectMethodHandle$Holder.invokeSpecial(java.lang.Object, java.lang.Object, java.lang.Object, int, java.lang.Object)'> (0x00000000ee5c1ef8) 
thrown [s\open\src\hotspot\share\interpreter\linkResolver.cpp, line 773]
Event: 5.212 Thread 0x000001e57ec33b80 Exception <a 'java/lang/NoSuchMethodError'{0x00000000eddbe9b8}: 'void java.lang.invoke.DirectMethodHandle$Holder.invokeVirtual(java.lang.Object, java.lang.Object)'> (0x00000000eddbe9b8) 
thrown [s\open\src\hotspot\share\interpreter\linkResolver.cpp, line 773]
Event: 5.327 Thread 0x000001e57ec33b80 Exception <a 'java/lang/NoSuchMethodError'{0x00000000ed90a388}: static Lorg/gradle/tooling/internal/consumer/connection/InternalPhasedActionAdapter;.<clinit>()V> (0x00000000ed90a388) 
thrown [s\open\src\hotspot\share\prims\jni.cpp, line 1111]
Event: 5.333 Thread 0x000001e57ec33b80 Exception <a 'java/lang/NoSuchMethodError'{0x00000000ed93add0}: static Lorg/gradle/tooling/internal/consumer/connection/InternalBuildActionAdapter;.<clinit>()V> (0x00000000ed93add0) 
thrown [s\open\src\hotspot\share\prims\jni.cpp, line 1111]
Event: 5.373 Thread 0x000001e57ec33b80 Exception <a 'java/lang/NoSuchMethodError'{0x00000000ed8b4180}: static Lorg/gradle/tooling/internal/consumer/versioning/VersionDetails;.<clinit>()V> (0x00000000ed8b4180) 
thrown [s\open\src\hotspot\share\prims\jni.cpp, line 1111]
Event: 5.373 Thread 0x000001e57ec33b80 Exception <a 'java/lang/NoSuchMethodError'{0x00000000ed8b6e08}: static Lorg/gradle/tooling/internal/consumer/versioning/VersionDetails$R26VersionDetails;.<clinit>()V> (0x00000000ed8b6e08) 
thrown [s\open\src\hotspot\share\prims\jni.cpp, line 1111]
Event: 5.373 Thread 0x000001e57ec33b80 Exception <a 'java/lang/NoSuchMethodError'{0x00000000ed8b84a0}: static Lorg/gradle/tooling/internal/consumer/versioning/VersionDetails$R28VersionDetails;.<clinit>()V> (0x00000000ed8b84a0) 
thrown [s\open\src\hotspot\share\prims\jni.cpp, line 1111]
Event: 5.373 Thread 0x000001e57ec33b80 Exception <a 'java/lang/NoSuchMethodError'{0x00000000ed8b9a48}: static Lorg/gradle/tooling/internal/consumer/versioning/VersionDetails$R35VersionDetails;.<clinit>()V> (0x00000000ed8b9a48) 
thrown [s\open\src\hotspot\share\prims\jni.cpp, line 1111]
Event: 5.373 Thread 0x000001e57ec33b80 Exception <a 'java/lang/NoSuchMethodError'{0x00000000ed8bb1b8}: static Lorg/gradle/tooling/internal/consumer/versioning/VersionDetails$R44VersionDetails;.<clinit>()V> (0x00000000ed8bb1b8) 
thrown [s\open\src\hotspot\share\prims\jni.cpp, line 1111]
Event: 5.374 Thread 0x000001e57ec33b80 Exception <a 'java/lang/NoSuchMethodError'{0x00000000ed8bc860}: static Lorg/gradle/tooling/internal/consumer/versioning/VersionDetails$R48VersionDetails;.<clinit>()V> (0x00000000ed8bc860) 
thrown [s\open\src\hotspot\share\prims\jni.cpp, line 1111]
Event: 5.374 Thread 0x000001e57ec33b80 Exception <a 'java/lang/NoSuchMethodError'{0x00000000ed8bdaf8}: static Lorg/gradle/tooling/internal/consumer/versioning/VersionDetails$R51VersionDetails;.<clinit>()V> (0x00000000ed8bdaf8) 
thrown [s\open\src\hotspot\share\prims\jni.cpp, line 1111]
Event: 5.375 Thread 0x000001e57ec33b80 Exception <a 'java/lang/NoSuchMethodError'{0x00000000ed8d02b8}: static [Lorg/gradle/tooling/BuildAction;.<clinit>()V> (0x00000000ed8d02b8) 
thrown [s\open\src\hotspot\share\prims\jni.cpp, line 1111]
Event: 5.377 Thread 0x000001e57ec33b80 Exception <a 'java/lang/NoSuchMethodError'{0x00000000ed8e0c40}: static Lorg/eclipse/buildship/core/internal/workspace/TellGradleToRunSynchronizationTasks;.<clinit>()V> (0x00000000ed8e0c40) 
thrown [s\open\src\hotspot\share\prims\jni.cpp, line 1111]
Event: 5.380 Thread 0x000001e57ec33b80 Exception <a 'java/lang/NoSuchMethodError'{0x00000000ed703e88}: 'java.lang.Object java.lang.invoke.DirectMethodHandle$Holder.newInvokeSpecial(java.lang.Object, java.lang.Object, java.lang.Object, int)'> (0x00000000ed703e88) 
thrown [s\open\src\hotspot\share\interpreter\linkResolver.cpp, line 773]
Event: 5.381 Thread 0x000001e57ec33b80 Exception <a 'java/lang/NoSuchMethodError'{0x00000000ed708290}: 'java.lang.Object java.lang.invoke.DirectMethodHandle$Holder.invokeSpecial(java.lang.Object, java.lang.Object, java.lang.Object, java.lang.Object, int)'> (0x00000000ed708290) 
thrown [s\open\src\hotspot\share\interpreter\linkResolver.cpp, line 773]
Event: 5.381 Thread 0x000001e57ec33b80 Exception <a 'java/lang/NoSuchMethodError'{0x00000000ed70be88}: 'java.lang.Object java.lang.invoke.Invokers$Holder.linkToTargetMethod(java.lang.Object, java.lang.Object, int, java.lang.Object)'> (0x00000000ed70be88) 
thrown [s\open\src\hotspot\share\interpreter\linkResolver.cpp, line 773]
Event: 5.458 Thread 0x000001e57ec33b80 Exception <a 'java/lang/NoSuchMethodError'{0x00000000ed4291b0}: 'void java.lang.invoke.DirectMethodHandle$Holder.invokeStaticInit(java.lang.Object, java.lang.Object, java.lang.Object, java.lang.Object)'> (0x00000000ed4291b0) 
thrown [s\open\src\hotspot\share\interpreter\linkResolver.cpp, line 773]
Event: 5.582 Thread 0x000001e57ec33b80 Exception <a 'java/lang/NoSuchMethodError'{0x00000000ecf67808}: 'void java.lang.invoke.DirectMethodHandle$Holder.invokeInterface(java.lang.Object, java.lang.Object, java.lang.Object, java.lang.Object, java.lang.Object)'> (0x00000000ecf67808) 
thrown [s\open\src\hotspot\share\interpreter\linkResolver.cpp, line 773]
Event: 5.585 Thread 0x000001e57ec33b80 Exception <a 'java/lang/NoSuchMethodError'{0x00000000ecf887a0}: 'void java.lang.invoke.DirectMethodHandle$Holder.invokeStatic(java.lang.Object, java.lang.Object, java.lang.Object, java.lang.Object, java.lang.Object, java.lang.Object, java.lang.Object)'> (0x00000000ecf887a0) 
thrown [s\open\src\hotspot\share\interpreter\linkResolver.cpp, line 773]

ZGC Phase Switch (0 events):
No events

VM Operations (20 events):
Event: 3.990 Executing VM operation: ICBufferFull
Event: 3.990 Executing VM operation: ICBufferFull done
Event: 4.516 Executing VM operation: CollectForMetadataAllocation (Metadata GC Threshold)
Event: 4.526 Executing VM operation: CollectForMetadataAllocation (Metadata GC Threshold) done
Event: 4.540 Executing VM operation: G1PauseRemark
Event: 4.544 Executing VM operation: G1PauseRemark done
Event: 4.545 Executing VM operation: G1PauseCleanup
Event: 4.547 Executing VM operation: G1PauseCleanup done
Event: 5.143 Executing VM operation: HandshakeAllThreads (Deoptimize)
Event: 5.143 Executing VM operation: HandshakeAllThreads (Deoptimize) done
Event: 5.144 Executing VM operation: HandshakeAllThreads (Deoptimize)
Event: 5.144 Executing VM operation: HandshakeAllThreads (Deoptimize) done
Event: 5.203 Executing VM operation: HandshakeAllThreads (Deoptimize)
Event: 5.203 Executing VM operation: HandshakeAllThreads (Deoptimize) done
Event: 5.286 Executing VM operation: HandshakeAllThreads (Deoptimize)
Event: 5.286 Executing VM operation: HandshakeAllThreads (Deoptimize) done
Event: 5.377 Executing VM operation: ICBufferFull
Event: 5.377 Executing VM operation: ICBufferFull done
Event: 5.554 Executing VM operation: HandshakeAllThreads (Deoptimize)
Event: 5.554 Executing VM operation: HandshakeAllThreads (Deoptimize) done

Events (20 events):
Event: 2.768 Thread 0x000001e57eb85cc0 Thread added: 0x000001e57eb85cc0
Event: 2.995 Thread 0x000001e57eadf3e0 Thread added: 0x000001e57eadf3e0
Event: 3.074 Thread 0x000001e57eadde60 Thread added: 0x000001e57eadde60
Event: 3.159 Thread 0x000001e57ed05f00 Thread added: 0x000001e57ed05f00
Event: 3.163 Thread 0x000001e57ea80380 Thread added: 0x000001e57ea80380
Event: 3.298 Thread 0x000001e57ec32140 Thread added: 0x000001e57ec32140
Event: 3.305 Thread 0x000001e57ec33b80 Thread added: 0x000001e57ec33b80
Event: 3.313 Thread 0x000001e57ec34210 Thread added: 0x000001e57ec34210
Event: 3.317 Thread 0x000001e57ec32e60 Thread added: 0x000001e57ec32e60
Event: 3.319 Thread 0x000001e57ec348a0 Thread added: 0x000001e57ec348a0
Event: 3.716 Thread 0x000001e57ec334f0 Thread added: 0x000001e57ec334f0
Event: 3.726 Thread 0x000001e57ec31420 Thread added: 0x000001e57ec31420
Event: 3.764 Thread 0x000001e57ec31ab0 Thread added: 0x000001e57ec31ab0
Event: 4.783 Thread 0x000001e57fabe520 Thread added: 0x000001e57fabe520
Event: 4.795 Thread 0x000001e57fabc450 Thread added: 0x000001e57fabc450
Event: 5.087 Thread 0x000001e57fabebb0 Thread added: 0x000001e57fabebb0
Event: 5.094 Thread 0x000001e57fabaa10 Thread added: 0x000001e57fabaa10
Event: 5.169 Thread 0x000001e57fab8940 Thread added: 0x000001e57fab8940
Event: 5.169 Thread 0x000001e57fabf240 Thread added: 0x000001e57fabf240
Event: 5.169 Thread 0x000001e57fab9660 Thread added: 0x000001e57fab9660


Dynamic libraries:
0x00007ff63d720000 - 0x00007ff63d730000 	C:\Program Files\Java\jdk-21\bin\java.exe
0x00007fff968d0000 - 0x00007fff96ac8000 	C:\Windows\SYSTEM32\ntdll.dll
0x00007fff96600000 - 0x00007fff966c2000 	C:\Windows\System32\KERNEL32.DLL
0x00007fff94220000 - 0x00007fff9451e000 	C:\Windows\System32\KERNELBASE.dll
0x00007fff947f0000 - 0x00007fff948f0000 	C:\Windows\System32\ucrtbase.dll
0x00007fff38dd0000 - 0x00007fff38de9000 	C:\Program Files\Java\jdk-21\bin\jli.dll
0x00007fff95870000 - 0x00007fff95921000 	C:\Windows\System32\ADVAPI32.dll
0x00007fff964b0000 - 0x00007fff9654e000 	C:\Windows\System32\msvcrt.dll
0x00007fff3c660000 - 0x00007fff3c67b000 	C:\Program Files\Java\jdk-21\bin\VCRUNTIME140.dll
0x00007fff94a20000 - 0x00007fff94abf000 	C:\Windows\System32\sechost.dll
0x00007fff96380000 - 0x00007fff964a3000 	C:\Windows\System32\RPCRT4.dll
0x00007fff947c0000 - 0x00007fff947e7000 	C:\Windows\System32\bcrypt.dll
0x00007fff795d0000 - 0x00007fff7986a000 	C:\Windows\WinSxS\amd64_microsoft.windows.common-controls_6595b64144ccf1df_6.0.19041.4355_none_60b8b9eb71f62e16\COMCTL32.dll
0x00007fff960e0000 - 0x00007fff9610b000 	C:\Windows\System32\GDI32.dll
0x00007fff941f0000 - 0x00007fff94212000 	C:\Windows\System32\win32u.dll
0x00007fff93f70000 - 0x00007fff94087000 	C:\Windows\System32\gdi32full.dll
0x00007fff94720000 - 0x00007fff947bd000 	C:\Windows\System32\msvcp_win.dll
0x00007fff95ed0000 - 0x00007fff9606d000 	C:\Windows\System32\USER32.dll
0x00007fff8e020000 - 0x00007fff8e02a000 	C:\Windows\SYSTEM32\VERSION.dll
0x00007fff96860000 - 0x00007fff9688f000 	C:\Windows\System32\IMM32.DLL
0x00007fff3eb90000 - 0x00007fff3eb9c000 	C:\Program Files\Java\jdk-21\bin\vcruntime140_1.dll
0x00007fff35df0000 - 0x00007fff35e7e000 	C:\Program Files\Java\jdk-21\bin\msvcp140.dll
0x00007ffeff830000 - 0x00007fff00543000 	C:\Program Files\Java\jdk-21\bin\server\jvm.dll
0x00007fff96070000 - 0x00007fff960db000 	C:\Windows\System32\WS2_32.dll
0x00007fff93500000 - 0x00007fff9354b000 	C:\Windows\SYSTEM32\POWRPROF.dll
0x00007fff86ac0000 - 0x00007fff86ae7000 	C:\Windows\SYSTEM32\WINMM.dll
0x00007fff93370000 - 0x00007fff93382000 	C:\Windows\SYSTEM32\UMPDC.dll
0x00007fff91e10000 - 0x00007fff91e22000 	C:\Windows\SYSTEM32\kernel.appcore.dll
0x00007fff3e2f0000 - 0x00007fff3e2fa000 	C:\Program Files\Java\jdk-21\bin\jimage.dll
0x00007fff84de0000 - 0x00007fff84fc4000 	C:\Windows\SYSTEM32\DBGHELP.DLL
0x00007fff6a050000 - 0x00007fff6a084000 	C:\Windows\SYSTEM32\dbgcore.DLL
0x00007fff94570000 - 0x00007fff945f2000 	C:\Windows\System32\bcryptPrimitives.dll
0x00007fff3df80000 - 0x00007fff3df8f000 	C:\Program Files\Java\jdk-21\bin\instrument.dll
0x00007fff38370000 - 0x00007fff3838f000 	C:\Program Files\Java\jdk-21\bin\java.dll
0x00007fff94ca0000 - 0x00007fff9540d000 	C:\Windows\System32\SHELL32.dll
0x00007fff92010000 - 0x00007fff927b4000 	C:\Windows\SYSTEM32\windows.storage.dll
0x00007fff95410000 - 0x00007fff95763000 	C:\Windows\System32\combase.dll
0x00007fff939a0000 - 0x00007fff939ce000 	C:\Windows\SYSTEM32\Wldp.dll
0x00007fff94b50000 - 0x00007fff94c1d000 	C:\Windows\System32\OLEAUT32.dll
0x00007fff96550000 - 0x00007fff965fd000 	C:\Windows\System32\SHCORE.dll
0x00007fff962c0000 - 0x00007fff96315000 	C:\Windows\System32\shlwapi.dll
0x00007fff93ea0000 - 0x00007fff93ec4000 	C:\Windows\SYSTEM32\profapi.dll
0x00007fff35280000 - 0x00007fff35357000 	C:\Program Files\Java\jdk-21\bin\jsvml.dll
0x00007fff38070000 - 0x00007fff38088000 	C:\Program Files\Java\jdk-21\bin\zip.dll
0x00007fff3d160000 - 0x00007fff3d170000 	C:\Program Files\Java\jdk-21\bin\net.dll
0x00007fff8cea0000 - 0x00007fff8cfad000 	C:\Windows\SYSTEM32\WINHTTP.dll
0x00007fff93700000 - 0x00007fff9376a000 	C:\Windows\system32\mswsock.dll
0x00007fff37770000 - 0x00007fff37786000 	C:\Program Files\Java\jdk-21\bin\nio.dll
0x00007fff38dc0000 - 0x00007fff38dd0000 	C:\Program Files\Java\jdk-21\bin\verify.dll
0x00007fff8f290000 - 0x00007fff8f2b7000 	C:\Users\Usuario\.gradle\native\c067742578af261105cb4f569cf0c3c89f3d7b1fecec35dd04571415982c5e48\windows-amd64\native-platform.dll
0x00007fff3e330000 - 0x00007fff3e474000 	C:\Users\Usuario\.gradle\native\100fb08df4bc3b14c8652ba06237920a3bd2aa13389f12d3474272988ae205f9\windows-amd64\native-platform-file-events.dll
0x00007fff38360000 - 0x00007fff3836a000 	C:\Program Files\Java\jdk-21\bin\management.dll
0x00007fff381b0000 - 0x00007fff381bb000 	C:\Program Files\Java\jdk-21\bin\management_ext.dll
0x00007fff94ac0000 - 0x00007fff94ac8000 	C:\Windows\System32\PSAPI.DLL
0x00007fff93900000 - 0x00007fff93918000 	C:\Windows\SYSTEM32\CRYPTSP.dll
0x00007fff92fb0000 - 0x00007fff92fe4000 	C:\Windows\system32\rsaenh.dll
0x00007fff93e20000 - 0x00007fff93e4e000 	C:\Windows\SYSTEM32\USERENV.dll
0x00007fff938f0000 - 0x00007fff938fc000 	C:\Windows\SYSTEM32\CRYPTBASE.dll
0x00007fff93390000 - 0x00007fff933cb000 	C:\Windows\SYSTEM32\IPHLPAPI.DLL
0x00007fff95770000 - 0x00007fff95778000 	C:\Windows\System32\NSI.dll
0x00007fff37ec0000 - 0x00007fff37ec9000 	C:\Program Files\Java\jdk-21\bin\extnet.dll
0x00007fff37a90000 - 0x00007fff37a9e000 	C:\Program Files\Java\jdk-21\bin\sunmscapi.dll
0x00007fff94090000 - 0x00007fff941ec000 	C:\Windows\System32\CRYPT32.dll
0x00007fff93a10000 - 0x00007fff93a37000 	C:\Windows\SYSTEM32\ncrypt.dll
0x00007fff939d0000 - 0x00007fff93a0b000 	C:\Windows\SYSTEM32\NTASN1.dll
0x00007fff777f0000 - 0x00007fff777f7000 	C:\Windows\system32\wshunix.dll

dbghelp: loaded successfully - version: 4.0.5 - missing functions: none
symbol engine: initialized successfully - sym options: 0x614 - pdb path: .;C:\Program Files\Java\jdk-21\bin;C:\Windows\SYSTEM32;C:\Windows\WinSxS\amd64_microsoft.windows.common-controls_6595b64144ccf1df_6.0.19041.4355_none_60b8b9eb71f62e16;C:\Program Files\Java\jdk-21\bin\server;C:\Users\Usuario\.gradle\native\c067742578af261105cb4f569cf0c3c89f3d7b1fecec35dd04571415982c5e48\windows-amd64;C:\Users\Usuario\.gradle\native\100fb08df4bc3b14c8652ba06237920a3bd2aa13389f12d3474272988ae205f9\windows-amd64

VM Arguments:
jvm_args: --add-opens=java.base/java.util=ALL-UNNAMED --add-opens=java.base/java.lang=ALL-UNNAMED --add-opens=java.base/java.lang.invoke=ALL-UNNAMED --add-opens=java.prefs/java.util.prefs=ALL-UNNAMED --add-exports=jdk.compiler/com.sun.tools.javac.api=ALL-UNNAMED --add-exports=jdk.compiler/com.sun.tools.javac.util=ALL-UNNAMED --add-opens=java.base/java.nio.charset=ALL-UNNAMED --add-opens=java.base/java.net=ALL-UNNAMED --add-opens=java.base/java.util.concurrent.atomic=ALL-UNNAMED -XX:MaxMetaspaceSize=384m -XX:+HeapDumpOnOutOfMemoryError -Xms256m -Xmx512m -Dfile.encoding=utf8 -Duser.country=US -Duser.language=en -Duser.variant -javaagent:C:\Users\Usuario\.gradle\wrapper\dists\gradle-8.10.2-bin\a04bxjujx95o3nb99gddekhwo\gradle-8.10.2\lib\agents\gradle-instrumentation-agent-8.10.2.jar 
java_command: org.gradle.launcher.daemon.bootstrap.GradleDaemon 8.10.2
java_class_path (initial): C:\Users\Usuario\.gradle\wrapper\dists\gradle-8.10.2-bin\a04bxjujx95o3nb99gddekhwo\gradle-8.10.2\lib\gradle-daemon-main-8.10.2.jar
Launcher Type: SUN_STANDARD

[Global flags]
     intx CICompilerCount                          = 3                                         {product} {ergonomic}
   size_t CompressedClassSpaceSize                 = 335544320                                 {product} {ergonomic}
     uint ConcGCThreads                            = 2                                         {product} {ergonomic}
     uint G1ConcRefinementThreads                  = 6                                         {product} {ergonomic}
   size_t G1HeapRegionSize                         = 1048576                                   {product} {ergonomic}
    uintx GCDrainStackTargetSize                   = 64                                        {product} {ergonomic}
     bool HeapDumpOnOutOfMemoryError               = true                                   {manageable} {command line}
   size_t InitialHeapSize                          = 268435456                                 {product} {command line}
   size_t MarkStackSize                            = 4194304                                   {product} {ergonomic}
   size_t MaxHeapSize                              = 536870912                                 {product} {command line}
   size_t MaxMetaspaceSize                         = 402653184                                 {product} {command line}
   size_t MaxNewSize                               = 321912832                                 {product} {ergonomic}
   size_t MinHeapDeltaBytes                        = 1048576                                   {product} {ergonomic}
   size_t MinHeapSize                              = 268435456                                 {product} {command line}
    uintx NonNMethodCodeHeapSize                   = 5832780                                {pd product} {ergonomic}
    uintx NonProfiledCodeHeapSize                  = 122912730                              {pd product} {ergonomic}
    uintx ProfiledCodeHeapSize                     = 122912730                              {pd product} {ergonomic}
    uintx ReservedCodeCacheSize                    = 251658240                              {pd product} {ergonomic}
     bool SegmentedCodeCache                       = true                                      {product} {ergonomic}
   size_t SoftMaxHeapSize                          = 536870912                              {manageable} {ergonomic}
     bool UseCompressedOops                        = true                           {product lp64_product} {ergonomic}
     bool UseG1GC                                  = true                                      {product} {ergonomic}
     bool UseLargePagesIndividualAllocation        = false                                  {pd product} {ergonomic}

Logging:
Log output configuration:
 #0: stdout all=warning uptime,level,tags foldmultilines=false
 #1: stderr all=off uptime,level,tags foldmultilines=false

Environment Variables:
PATH=C:\Program Files\Common Files\Oracle\Java\javapath;C:\ProgramData\Oracle\Java\javapath;C:\Windows\system32;C:\Windows;C:\Windows\System32\Wbem;C:\Windows\System32\WindowsPowerShell\v1.0\;C:\Windows\System32\OpenSSH\;C:\Program Files\NVIDIA Corporation\NVIDIA NvDLISR;C:\Program Files (x86)\NVIDIA Corporation\PhysX\Common;C:\Program Files\Git\cmd;C:\Program Files\Docker\Docker\resources\bin;C:\Users\Usuario\AppData\Local\Microsoft\WindowsApps;C:\MinGW\bin;C:\Users\Usuario\AppData\Local\Programs\Microsoft VS Code\bin;D:\Program Files\JetBrains\IntelliJ IDEA Community Edition 2024.3.1.1\bin;
USERNAME=Usuario
OS=Windows_NT
PROCESSOR_IDENTIFIER=Intel64 Family 6 Model 158 Stepping 10, GenuineIntel
TMP=C:\Users\Usuario\AppData\Local\Temp
TEMP=C:\Users\Usuario\AppData\Local\Temp




Periodic native trim disabled

---------------  S Y S T E M  ---------------

OS:
 Windows 10 , 64 bit Build 19041 (10.0.19041.5198)
OS uptime: 0 days 11:43 hours

CPU: total 6 (initial active 6) (6 cores per cpu, 1 threads per core) family 6 model 158 stepping 10 microcode 0xb4, cx8, cmov, fxsr, mmx, 3dnowpref, sse, sse2, sse3, ssse3, sse4.1, sse4.2, popcnt, lzcnt, tsc, tscinvbit, avx, avx2, aes, erms, clmul, bmi1, bmi2, adx, fma, vzeroupper, clflush, clflushopt, rdtscp, f16c
Processor Information for all 6 processors :
  Max Mhz: 2904, Current Mhz: 2904, Mhz Limit: 2904

Memory: 4k page, system-wide physical 8125M (255M free)
TotalPageFile size 14001M (AvailPageFile size 6M)
current process WorkingSet (physical memory assigned to process): 245M, peak: 246M
current process commit charge ("private bytes"): 428M, peak: 429M

vm_info: Java HotSpot(TM) 64-Bit Server VM (21.0.4+8-LTS-274) for windows-amd64 JRE (21.0.4+8-LTS-274), built on 2024-06-05T05:23:33Z by "mach5one" with MS VC++ 17.6 (VS2022)

END.
