#
# There is insufficient memory for the Java Runtime Environment to continue.
# Native memory allocation (malloc) failed to allocate 659488 bytes. Error detail: Chunk::new
# Possible reasons:
#   The system is out of physical RAM or swap space
#   This process is running with CompressedOops enabled, and the Java Heap may be blocking the growth of the native heap
# Possible solutions:
#   Reduce memory load on the system
#   Increase physical memory or swap space
#   Check if swap backing store is full
#   Decrease Java heap size (-Xmx/-Xms)
#   Decrease number of Java threads
#   Decrease Java thread stack sizes (-Xss)
#   Set larger code cache with -XX:ReservedCodeCacheSize=
#   JVM is running with Unscaled Compressed Oops mode in which the Java heap is
#     placed in the first 4GB address space. The Java Heap base address is the
#     maximum limit for the native heap growth. Please use -XX:HeapBaseMinAddress
#     to set the Java Heap base and to place the Java Heap above 4GB virtual address.
# This output file may be truncated or incomplete.
#
#  Out of Memory Error (arena.cpp:191), pid=11012, tid=10960
#
# JRE version: OpenJDK Runtime Environment Temurin-17.0.13+11 (17.0.13+11) (build 17.0.13+11)
# Java VM: OpenJDK 64-Bit Server VM Temurin-17.0.13+11 (17.0.13+11, mixed mode, tiered, compressed oops, compressed class ptrs, parallel gc, windows-amd64)
# No core dump will be written. Minidumps are not enabled by default on client versions of Windows
#

---------------  S U M M A R Y ------------

Command Line: --add-modules=ALL-SYSTEM --add-opens=java.base/java.util=ALL-UNNAMED --add-opens=java.base/java.lang=ALL-UNNAMED --add-opens=java.base/sun.nio.fs=ALL-UNNAMED -Declipse.application=org.eclipse.jdt.ls.core.id1 -Dosgi.bundles.defaultStartLevel=4 -Declipse.product=org.eclipse.jdt.ls.core.product -Djava.import.generatesMetadataFilesAtProjectRoot=false -DDetectVMInstallationsJob.disabled=true -Dfile.encoding=utf8 -XX:+UseParallelGC -XX:GCTimeRatio=4 -XX:AdaptiveSizePolicyWeight=90 -Dsun.zip.disableMemoryMapping=true -Xmx1G -Xms100m -Xlog:disable -javaagent:c:\Users\Usuario\.vscode\extensions\redhat.java-1.38.0-win32-x64\lombok\lombok-1.18.34.jar -XX:+HeapDumpOnOutOfMemoryError -XX:HeapDumpPath=c:\Users\Usuario\AppData\Roaming\Code\User\workspaceStorage\f006550acbc34dd95b1986abe3cbb3d0\redhat.java -Daether.dependencyCollector.impl=bf c:\Users\Usuario\.vscode\extensions\redhat.java-1.38.0-win32-x64\server\plugins\org.eclipse.equinox.launcher_1.6.900.v20240613-2009.jar -configuration c:\Users\Usuario\AppData\Roaming\Code\User\globalStorage\redhat.java\1.38.0\config_win -data c:\Users\Usuario\AppData\Roaming\Code\User\workspaceStorage\f006550acbc34dd95b1986abe3cbb3d0\redhat.java\jdt_ws --pipe=\\.\pipe\lsp-79702548fad62158a157b699c42e3538-sock

Host: Intel(R) Core(TM) i5-9400F CPU @ 2.90GHz, 6 cores, 7G,  Windows 10 , 64 bit Build 19041 (10.0.19041.5198)
Time: Thu Jan  2 16:19:00 2025 Argentina Standard Time elapsed time: 2.863305 seconds (0d 0h 0m 2s)

---------------  T H R E A D  ---------------

Current thread (0x0000027ad4ae8b80):  JavaThread "C2 CompilerThread1" daemon [_thread_in_native, id=10960, stack(0x000000a2afe00000,0x000000a2aff00000)]


Current CompileTask:
C2:   2863 3539       4       sun.util.locale.BaseLocale::getInstance (149 bytes)

Stack: [0x000000a2afe00000,0x000000a2aff00000]
Native frames: (J=compiled Java code, j=interpreted, Vv=VM code, C=native code)
V  [jvm.dll+0x682a19]
V  [jvm.dll+0x839538]
V  [jvm.dll+0x83afe3]
V  [jvm.dll+0x83b653]
V  [jvm.dll+0x24704f]
V  [jvm.dll+0xace34]
V  [jvm.dll+0xad4cc]
V  [jvm.dll+0x36597e]
V  [jvm.dll+0x32fbd8]
V  [jvm.dll+0x32f05a]
V  [jvm.dll+0x21804f]
V  [jvm.dll+0x21748f]
V  [jvm.dll+0x1a3070]
V  [jvm.dll+0x22788c]
V  [jvm.dll+0x2259eb]
V  [jvm.dll+0x7eec98]
V  [jvm.dll+0x7e8ffc]
V  [jvm.dll+0x6818f7]
C  [ucrtbase.dll+0x21bb2]
C  [KERNEL32.DLL+0x17374]
C  [ntdll.dll+0x4cc91]


---------------  P R O C E S S  ---------------

Threads class SMR info:
_java_thread_list=0x0000027ad4524140, length=25, elements={
0x0000027ab9cb0eb0, 0x0000027ab9d6b5b0, 0x0000027ab9d6dd70, 0x0000027acdb43640,
0x0000027acdb443d0, 0x0000027acdb45900, 0x0000027acdb462d0, 0x0000027ad3253fa0,
0x0000027ad32578b0, 0x0000027ad3265670, 0x0000027ab9d192d0, 0x0000027ad3586bc0,
0x0000027ad3dd49b0, 0x0000027ad45b06a0, 0x0000027ad408ac90, 0x0000027ad40fbb90,
0x0000027ad480ae80, 0x0000027ad4b1f0b0, 0x0000027ad4b1e690, 0x0000027ad4b1fad0,
0x0000027ad4b1dc70, 0x0000027ad4b1eba0, 0x0000027ad4b1ffe0, 0x0000027ad4ae8b80,
0x0000027ad4b1cd40
}

Java Threads: ( => current thread )
  0x0000027ab9cb0eb0 JavaThread "main" [_thread_blocked, id=3292, stack(0x000000a2ade00000,0x000000a2adf00000)]
  0x0000027ab9d6b5b0 JavaThread "Reference Handler" daemon [_thread_blocked, id=10736, stack(0x000000a2ae100000,0x000000a2ae200000)]
  0x0000027ab9d6dd70 JavaThread "Finalizer" daemon [_thread_blocked, id=7368, stack(0x000000a2ae200000,0x000000a2ae300000)]
  0x0000027acdb43640 JavaThread "Signal Dispatcher" daemon [_thread_blocked, id=3744, stack(0x000000a2ae400000,0x000000a2ae500000)]
  0x0000027acdb443d0 JavaThread "Attach Listener" daemon [_thread_blocked, id=2744, stack(0x000000a2ae500000,0x000000a2ae600000)]
  0x0000027acdb45900 JavaThread "Service Thread" daemon [_thread_blocked, id=14156, stack(0x000000a2ae600000,0x000000a2ae700000)]
  0x0000027acdb462d0 JavaThread "Monitor Deflation Thread" daemon [_thread_blocked, id=13476, stack(0x000000a2ae700000,0x000000a2ae800000)]
  0x0000027ad3253fa0 JavaThread "C2 CompilerThread0" daemon [_thread_in_native, id=6340, stack(0x000000a2ae800000,0x000000a2ae900000)]
  0x0000027ad32578b0 JavaThread "C1 CompilerThread0" daemon [_thread_blocked, id=5172, stack(0x000000a2ae900000,0x000000a2aea00000)]
  0x0000027ad3265670 JavaThread "Sweeper thread" daemon [_thread_blocked, id=16388, stack(0x000000a2aea00000,0x000000a2aeb00000)]
  0x0000027ab9d192d0 JavaThread "Common-Cleaner" daemon [_thread_blocked, id=14048, stack(0x000000a2aeb00000,0x000000a2aec00000)]
  0x0000027ad3586bc0 JavaThread "Notification Thread" daemon [_thread_blocked, id=6176, stack(0x000000a2aed00000,0x000000a2aee00000)]
  0x0000027ad3dd49b0 JavaThread "Active Thread: Equinox Container: 25b3d423-4af3-426a-b085-e81dd0adea55" [_thread_blocked, id=10672, stack(0x000000a2af400000,0x000000a2af500000)]
  0x0000027ad45b06a0 JavaThread "Refresh Thread: Equinox Container: 25b3d423-4af3-426a-b085-e81dd0adea55" daemon [_thread_blocked, id=824, stack(0x000000a2af500000,0x000000a2af600000)]
  0x0000027ad408ac90 JavaThread "Framework Event Dispatcher: Equinox Container: 25b3d423-4af3-426a-b085-e81dd0adea55" daemon [_thread_blocked, id=14952, stack(0x000000a2af600000,0x000000a2af700000)]
  0x0000027ad40fbb90 JavaThread "Start Level: Equinox Container: 25b3d423-4af3-426a-b085-e81dd0adea55" daemon [_thread_in_vm, id=14304, stack(0x000000a2af700000,0x000000a2af800000)]
  0x0000027ad480ae80 JavaThread "Bundle File Closer" daemon [_thread_blocked, id=16300, stack(0x000000a2af800000,0x000000a2af900000)]
  0x0000027ad4b1f0b0 JavaThread "SCR Component Actor" daemon [_thread_blocked, id=16524, stack(0x000000a2af900000,0x000000a2afa00000)]
  0x0000027ad4b1e690 JavaThread "SCR Component Registry" daemon [_thread_blocked, id=15180, stack(0x000000a2afa00000,0x000000a2afb00000)]
  0x0000027ad4b1fad0 JavaThread "Worker-JM" [_thread_blocked, id=7788, stack(0x000000a2afb00000,0x000000a2afc00000)]
  0x0000027ad4b1dc70 JavaThread "JNA Cleaner" daemon [_thread_blocked, id=920, stack(0x000000a2aec00000,0x000000a2aed00000)]
  0x0000027ad4b1eba0 JavaThread "Worker-0: Checking project encoding" [_thread_blocked, id=12688, stack(0x000000a2afc00000,0x000000a2afd00000)]
  0x0000027ad4b1ffe0 JavaThread "Worker-1: Refreshing workspace" [_thread_blocked, id=596, stack(0x000000a2afd00000,0x000000a2afe00000)]
=>0x0000027ad4ae8b80 JavaThread "C2 CompilerThread1" daemon [_thread_in_native, id=10960, stack(0x000000a2afe00000,0x000000a2aff00000)]
  0x0000027ad4b1cd40 JavaThread "Worker-2" [_thread_blocked, id=12928, stack(0x000000a2aff00000,0x000000a2b0000000)]

Other Threads:
  0x0000027ab9d69910 VMThread "VM Thread" [stack: 0x000000a2ae000000,0x000000a2ae100000] [id=15372]
  0x0000027ad35870a0 WatcherThread [stack: 0x000000a2aee00000,0x000000a2aef00000] [id=13896]
  0x0000027ab9cc4710 GCTaskThread "GC Thread#0" [stack: 0x000000a2adf00000,0x000000a2ae000000] [id=12740]
  0x0000027ad3951860 GCTaskThread "GC Thread#1" [stack: 0x000000a2aef00000,0x000000a2af000000] [id=16224]
  0x0000027ad3951020 GCTaskThread "GC Thread#2" [stack: 0x000000a2af000000,0x000000a2af100000] [id=11164]
  0x0000027ad39515a0 GCTaskThread "GC Thread#3" [stack: 0x000000a2af100000,0x000000a2af200000] [id=5996]
  0x0000027ad39512e0 GCTaskThread "GC Thread#4" [stack: 0x000000a2af200000,0x000000a2af300000] [id=4880]
  0x0000027ad3952620 GCTaskThread "GC Thread#5" [stack: 0x000000a2af300000,0x000000a2af400000] [id=2508]

Threads with active compile tasks:
C2 CompilerThread0     2885 3552 %     4       java.util.zip.ZipFile$Source::initCEN @ 240 (591 bytes)
C2 CompilerThread1     2885 3539       4       sun.util.locale.BaseLocale::getInstance (149 bytes)

VM state: not at safepoint (normal execution)

VM Mutex/Monitor currently owned by a thread: None

Heap address: 0x00000000c0000000, size: 1024 MB, Compressed Oops mode: 32-bit

CDS archive(s) not mapped
Compressed class space mapped at: 0x0000000100000000-0x0000000140000000, reserved size: 1073741824
Narrow klass base: 0x0000000000000000, Narrow klass shift: 3, Narrow klass range: 0x140000000

GC Precious Log:
 CPUs: 6 total, 6 available
 Memory: 8125M
 Large Page Support: Disabled
 NUMA Support: Disabled
 Compressed Oops: Enabled (32-bit)
 Alignments: Space 512K, Generation 512K, Heap 2M
 Heap Min Capacity: 100M
 Heap Initial Capacity: 100M
 Heap Max Capacity: 1G
 Pre-touch: Disabled
 Parallel Workers: 6

Heap:
 PSYoungGen      total 27136K, used 26368K [0x00000000eab00000, 0x00000000ecb00000, 0x0000000100000000)
  eden space 25088K, 97% used [0x00000000eab00000,0x00000000ec2e6478,0x00000000ec380000)
  from space 2048K, 92% used [0x00000000ec900000,0x00000000ecad9c78,0x00000000ecb00000)
  to   space 3072K, 0% used [0x00000000ec500000,0x00000000ec500000,0x00000000ec800000)
 ParOldGen       total 68608K, used 10786K [0x00000000c0000000, 0x00000000c4300000, 0x00000000eab00000)
  object space 68608K, 15% used [0x00000000c0000000,0x00000000c0a88948,0x00000000c4300000)
 Metaspace       used 27321K, committed 27968K, reserved 1114112K
  class space    used 2812K, committed 3072K, reserved 1048576K

Card table byte_map: [0x0000027ab9650000,0x0000027ab9860000] _byte_map_base: 0x0000027ab9050000

Marking Bits: (ParMarkBitMap*) 0x00007ffeec386940
 Begin Bits: [0x0000027acb950000, 0x0000027acc950000)
 End Bits:   [0x0000027acc950000, 0x0000027acd950000)

Polling page: 0x0000027ab7c00000

Metaspace:

Usage:
  Non-class:     23.93 MB used.
      Class:      2.75 MB used.
       Both:     26.68 MB used.

Virtual space:
  Non-class space:       64.00 MB reserved,      24.31 MB ( 38%) committed,  1 nodes.
      Class space:        1.00 GB reserved,       3.00 MB ( <1%) committed,  1 nodes.
             Both:        1.06 GB reserved,      27.31 MB (  3%) committed. 

Chunk freelists:
   Non-Class:  7.25 MB
       Class:  12.98 MB
        Both:  20.23 MB

MaxMetaspaceSize: unlimited
CompressedClassSpaceSize: 1.00 GB
Initial GC threshold: 21.00 MB
Current GC threshold: 35.00 MB
CDS: off
MetaspaceReclaimPolicy: balanced
 - commit_granule_bytes: 65536.
 - commit_granule_words: 8192.
 - virtual_space_node_default_size: 8388608.
 - enlarge_chunks_in_place: 1.
 - new_chunks_are_fully_committed: 0.
 - uncommit_free_chunks: 1.
 - use_allocation_guard: 0.
 - handle_deallocations: 1.


Internal statistics:

num_allocs_failed_limit: 3.
num_arena_births: 340.
num_arena_deaths: 0.
num_vsnodes_births: 2.
num_vsnodes_deaths: 0.
num_space_committed: 437.
num_space_uncommitted: 0.
num_chunks_returned_to_freelist: 3.
num_chunks_taken_from_freelist: 1070.
num_chunk_merges: 3.
num_chunk_splits: 704.
num_chunks_enlarged: 492.
num_inconsistent_stats: 0.

CodeHeap 'non-profiled nmethods': size=120000Kb used=1503Kb max_used=1503Kb free=118496Kb
 bounds [0x0000027ac4420000, 0x0000027ac4690000, 0x0000027acb950000]
CodeHeap 'profiled nmethods': size=120000Kb used=7299Kb max_used=7299Kb free=112700Kb
 bounds [0x0000027abc950000, 0x0000027abd080000, 0x0000027ac3e80000]
CodeHeap 'non-nmethods': size=5760Kb used=1221Kb max_used=1238Kb free=4538Kb
 bounds [0x0000027ac3e80000, 0x0000027ac40f0000, 0x0000027ac4420000]
 total_blobs=4091 nmethods=3563 adapters=441
 compilation: enabled
              stopped_count=0, restarted_count=0
 full_count=0

Compilation events (20 events):
Event: 2.824 Thread 0x0000027ad32578b0 3543       3       sun.util.locale.LocaleUtils::isAlphaNumericString (33 bytes)
Event: 2.825 Thread 0x0000027ad32578b0 nmethod 3543 0x0000027abd067c90 code [0x0000027abd067ee0, 0x0000027abd068978]
Event: 2.826 Thread 0x0000027ad32578b0 3544       3       java.util.Calendar::internalSet (8 bytes)
Event: 2.826 Thread 0x0000027ad32578b0 nmethod 3544 0x0000027abd068d90 code [0x0000027abd068f20, 0x0000027abd069058]
Event: 2.826 Thread 0x0000027ad32578b0 3545       1       sun.util.calendar.CalendarDate::getYear (5 bytes)
Event: 2.826 Thread 0x0000027ad32578b0 nmethod 3545 0x0000027ac4593f90 code [0x0000027ac4594120, 0x0000027ac45941f8]
Event: 2.827 Thread 0x0000027ad3253fa0 nmethod 3537 0x0000027ac4594290 code [0x0000027ac4594460, 0x0000027ac4594bf8]
Event: 2.828 Thread 0x0000027ad3253fa0 3546       4       java.util.zip.ZipCoder::hash (36 bytes)
Event: 2.831 Thread 0x0000027ad3253fa0 nmethod 3546 0x0000027ac4595010 code [0x0000027ac45951a0, 0x0000027ac4595428]
Event: 2.831 Thread 0x0000027ad3253fa0 3547   !   4       java.util.zip.ZipFile$Source::getEntryPos (195 bytes)
Event: 2.837 Thread 0x0000027ad32578b0 3548       3       jdk.internal.reflect.ReflectionFactory::copyMethod (11 bytes)
Event: 2.837 Thread 0x0000027ad32578b0 nmethod 3548 0x0000027abd069110 code [0x0000027abd0692c0, 0x0000027abd0694a8]
Event: 2.837 Thread 0x0000027ad32578b0 3549       3       java.lang.reflect.ReflectAccess::copyMethod (5 bytes)
Event: 2.837 Thread 0x0000027ad32578b0 nmethod 3549 0x0000027abd069610 code [0x0000027abd0697c0, 0x0000027abd069908]
Event: 2.837 Thread 0x0000027ad32578b0 3550       3       java.lang.reflect.Method::copy (84 bytes)
Event: 2.838 Thread 0x0000027ad32578b0 nmethod 3550 0x0000027abd069a10 code [0x0000027abd069bc0, 0x0000027abd069f18]
Event: 2.838 Thread 0x0000027ad32578b0 3551       3       java.lang.reflect.Method::<init> (68 bytes)
Event: 2.838 Thread 0x0000027ad32578b0 nmethod 3551 0x0000027abd06a010 code [0x0000027abd06a1c0, 0x0000027abd06a4d8]
Event: 2.845 Thread 0x0000027ad3253fa0 nmethod 3547 0x0000027ac4595690 code [0x0000027ac4595860, 0x0000027ac4596528]
Event: 2.845 Thread 0x0000027ad3253fa0 3552 %     4       java.util.zip.ZipFile$Source::initCEN @ 240 (591 bytes)

GC Heap History (14 events):
Event: 0.637 GC heap before
{Heap before GC invocations=1 (full 0):
 PSYoungGen      total 29696K, used 25600K [0x00000000eab00000, 0x00000000ecc00000, 0x0000000100000000)
  eden space 25600K, 100% used [0x00000000eab00000,0x00000000ec400000,0x00000000ec400000)
  from space 4096K, 0% used [0x00000000ec800000,0x00000000ec800000,0x00000000ecc00000)
  to   space 4096K, 0% used [0x00000000ec400000,0x00000000ec400000,0x00000000ec800000)
 ParOldGen       total 68608K, used 0K [0x00000000c0000000, 0x00000000c4300000, 0x00000000eab00000)
  object space 68608K, 0% used [0x00000000c0000000,0x00000000c0000000,0x00000000c4300000)
 Metaspace       used 10934K, committed 11072K, reserved 1114112K
  class space    used 1084K, committed 1152K, reserved 1048576K
}
Event: 0.640 GC heap after
{Heap after GC invocations=1 (full 0):
 PSYoungGen      total 29696K, used 3118K [0x00000000eab00000, 0x00000000ecc00000, 0x0000000100000000)
  eden space 25600K, 0% used [0x00000000eab00000,0x00000000eab00000,0x00000000ec400000)
  from space 4096K, 76% used [0x00000000ec400000,0x00000000ec70b980,0x00000000ec800000)
  to   space 4096K, 0% used [0x00000000ec800000,0x00000000ec800000,0x00000000ecc00000)
 ParOldGen       total 68608K, used 16K [0x00000000c0000000, 0x00000000c4300000, 0x00000000eab00000)
  object space 68608K, 0% used [0x00000000c0000000,0x00000000c0004000,0x00000000c4300000)
 Metaspace       used 10934K, committed 11072K, reserved 1114112K
  class space    used 1084K, committed 1152K, reserved 1048576K
}
Event: 1.131 GC heap before
{Heap before GC invocations=2 (full 0):
 PSYoungGen      total 29696K, used 28718K [0x00000000eab00000, 0x00000000ecc00000, 0x0000000100000000)
  eden space 25600K, 100% used [0x00000000eab00000,0x00000000ec400000,0x00000000ec400000)
  from space 4096K, 76% used [0x00000000ec400000,0x00000000ec70b980,0x00000000ec800000)
  to   space 4096K, 0% used [0x00000000ec800000,0x00000000ec800000,0x00000000ecc00000)
 ParOldGen       total 68608K, used 16K [0x00000000c0000000, 0x00000000c4300000, 0x00000000eab00000)
  object space 68608K, 0% used [0x00000000c0000000,0x00000000c0004000,0x00000000c4300000)
 Metaspace       used 14349K, committed 14528K, reserved 1114112K
  class space    used 1435K, committed 1536K, reserved 1048576K
}
Event: 1.135 GC heap after
{Heap after GC invocations=2 (full 0):
 PSYoungGen      total 29696K, used 4069K [0x00000000eab00000, 0x00000000ecc00000, 0x0000000100000000)
  eden space 25600K, 0% used [0x00000000eab00000,0x00000000eab00000,0x00000000ec400000)
  from space 4096K, 99% used [0x00000000ec800000,0x00000000ecbf9508,0x00000000ecc00000)
  to   space 4096K, 0% used [0x00000000ec400000,0x00000000ec400000,0x00000000ec800000)
 ParOldGen       total 68608K, used 1574K [0x00000000c0000000, 0x00000000c4300000, 0x00000000eab00000)
  object space 68608K, 2% used [0x00000000c0000000,0x00000000c0189a90,0x00000000c4300000)
 Metaspace       used 14349K, committed 14528K, reserved 1114112K
  class space    used 1435K, committed 1536K, reserved 1048576K
}
Event: 1.526 GC heap before
{Heap before GC invocations=3 (full 0):
 PSYoungGen      total 29696K, used 29669K [0x00000000eab00000, 0x00000000ecc00000, 0x0000000100000000)
  eden space 25600K, 100% used [0x00000000eab00000,0x00000000ec400000,0x00000000ec400000)
  from space 4096K, 99% used [0x00000000ec800000,0x00000000ecbf9508,0x00000000ecc00000)
  to   space 4096K, 0% used [0x00000000ec400000,0x00000000ec400000,0x00000000ec800000)
 ParOldGen       total 68608K, used 1574K [0x00000000c0000000, 0x00000000c4300000, 0x00000000eab00000)
  object space 68608K, 2% used [0x00000000c0000000,0x00000000c0189a90,0x00000000c4300000)
 Metaspace       used 16267K, committed 16448K, reserved 1114112K
  class space    used 1639K, committed 1728K, reserved 1048576K
}
Event: 1.530 GC heap after
{Heap after GC invocations=3 (full 0):
 PSYoungGen      total 29696K, used 4095K [0x00000000eab00000, 0x00000000ecc00000, 0x0000000100000000)
  eden space 25600K, 0% used [0x00000000eab00000,0x00000000eab00000,0x00000000ec400000)
  from space 4096K, 99% used [0x00000000ec400000,0x00000000ec7ffe50,0x00000000ec800000)
  to   space 4096K, 0% used [0x00000000ec800000,0x00000000ec800000,0x00000000ecc00000)
 ParOldGen       total 68608K, used 5490K [0x00000000c0000000, 0x00000000c4300000, 0x00000000eab00000)
  object space 68608K, 8% used [0x00000000c0000000,0x00000000c055ca00,0x00000000c4300000)
 Metaspace       used 16267K, committed 16448K, reserved 1114112K
  class space    used 1639K, committed 1728K, reserved 1048576K
}
Event: 1.969 GC heap before
{Heap before GC invocations=4 (full 0):
 PSYoungGen      total 29696K, used 29695K [0x00000000eab00000, 0x00000000ecc00000, 0x0000000100000000)
  eden space 25600K, 100% used [0x00000000eab00000,0x00000000ec400000,0x00000000ec400000)
  from space 4096K, 99% used [0x00000000ec400000,0x00000000ec7ffe50,0x00000000ec800000)
  to   space 4096K, 0% used [0x00000000ec800000,0x00000000ec800000,0x00000000ecc00000)
 ParOldGen       total 68608K, used 5490K [0x00000000c0000000, 0x00000000c4300000, 0x00000000eab00000)
  object space 68608K, 8% used [0x00000000c0000000,0x00000000c055ca00,0x00000000c4300000)
 Metaspace       used 19591K, committed 19904K, reserved 1114112K
  class space    used 1993K, committed 2112K, reserved 1048576K
}
Event: 1.973 GC heap after
{Heap after GC invocations=4 (full 0):
 PSYoungGen      total 29696K, used 4090K [0x00000000eab00000, 0x00000000ecc00000, 0x0000000100000000)
  eden space 25600K, 0% used [0x00000000eab00000,0x00000000eab00000,0x00000000ec400000)
  from space 4096K, 99% used [0x00000000ec800000,0x00000000ecbfeac0,0x00000000ecc00000)
  to   space 4096K, 0% used [0x00000000ec400000,0x00000000ec400000,0x00000000ec800000)
 ParOldGen       total 68608K, used 6517K [0x00000000c0000000, 0x00000000c4300000, 0x00000000eab00000)
  object space 68608K, 9% used [0x00000000c0000000,0x00000000c065d7b0,0x00000000c4300000)
 Metaspace       used 19591K, committed 19904K, reserved 1114112K
  class space    used 1993K, committed 2112K, reserved 1048576K
}
Event: 2.117 GC heap before
{Heap before GC invocations=5 (full 0):
 PSYoungGen      total 29696K, used 13656K [0x00000000eab00000, 0x00000000ecc00000, 0x0000000100000000)
  eden space 25600K, 37% used [0x00000000eab00000,0x00000000eb4576f8,0x00000000ec400000)
  from space 4096K, 99% used [0x00000000ec800000,0x00000000ecbfeac0,0x00000000ecc00000)
  to   space 4096K, 0% used [0x00000000ec400000,0x00000000ec400000,0x00000000ec800000)
 ParOldGen       total 68608K, used 6517K [0x00000000c0000000, 0x00000000c4300000, 0x00000000eab00000)
  object space 68608K, 9% used [0x00000000c0000000,0x00000000c065d7b0,0x00000000c4300000)
 Metaspace       used 21091K, committed 21504K, reserved 1114112K
  class space    used 2128K, committed 2304K, reserved 1048576K
}
Event: 2.121 GC heap after
{Heap after GC invocations=5 (full 0):
 PSYoungGen      total 29696K, used 4069K [0x00000000eab00000, 0x00000000ece00000, 0x0000000100000000)
  eden space 25600K, 0% used [0x00000000eab00000,0x00000000eab00000,0x00000000ec400000)
  from space 4096K, 99% used [0x00000000ec400000,0x00000000ec7f94c8,0x00000000ec800000)
  to   space 5120K, 0% used [0x00000000ec900000,0x00000000ec900000,0x00000000ece00000)
 ParOldGen       total 68608K, used 7014K [0x00000000c0000000, 0x00000000c4300000, 0x00000000eab00000)
  object space 68608K, 10% used [0x00000000c0000000,0x00000000c06d9a70,0x00000000c4300000)
 Metaspace       used 21091K, committed 21504K, reserved 1114112K
  class space    used 2128K, committed 2304K, reserved 1048576K
}
Event: 2.121 GC heap before
{Heap before GC invocations=6 (full 1):
 PSYoungGen      total 29696K, used 4069K [0x00000000eab00000, 0x00000000ece00000, 0x0000000100000000)
  eden space 25600K, 0% used [0x00000000eab00000,0x00000000eab00000,0x00000000ec400000)
  from space 4096K, 99% used [0x00000000ec400000,0x00000000ec7f94c8,0x00000000ec800000)
  to   space 5120K, 0% used [0x00000000ec900000,0x00000000ec900000,0x00000000ece00000)
 ParOldGen       total 68608K, used 7014K [0x00000000c0000000, 0x00000000c4300000, 0x00000000eab00000)
  object space 68608K, 10% used [0x00000000c0000000,0x00000000c06d9a70,0x00000000c4300000)
 Metaspace       used 21091K, committed 21504K, reserved 1114112K
  class space    used 2128K, committed 2304K, reserved 1048576K
}
Event: 2.140 GC heap after
{Heap after GC invocations=6 (full 1):
 PSYoungGen      total 29696K, used 0K [0x00000000eab00000, 0x00000000ece00000, 0x0000000100000000)
  eden space 25600K, 0% used [0x00000000eab00000,0x00000000eab00000,0x00000000ec400000)
  from space 4096K, 0% used [0x00000000ec400000,0x00000000ec400000,0x00000000ec800000)
  to   space 5120K, 0% used [0x00000000ec900000,0x00000000ec900000,0x00000000ece00000)
 ParOldGen       total 68608K, used 10778K [0x00000000c0000000, 0x00000000c4300000, 0x00000000eab00000)
  object space 68608K, 15% used [0x00000000c0000000,0x00000000c0a86948,0x00000000c4300000)
 Metaspace       used 21091K, committed 21504K, reserved 1114112K
  class space    used 2128K, committed 2304K, reserved 1048576K
}
Event: 2.702 GC heap before
{Heap before GC invocations=7 (full 1):
 PSYoungGen      total 29696K, used 25600K [0x00000000eab00000, 0x00000000ece00000, 0x0000000100000000)
  eden space 25600K, 100% used [0x00000000eab00000,0x00000000ec400000,0x00000000ec400000)
  from space 4096K, 0% used [0x00000000ec400000,0x00000000ec400000,0x00000000ec800000)
  to   space 5120K, 0% used [0x00000000ec900000,0x00000000ec900000,0x00000000ece00000)
 ParOldGen       total 68608K, used 10778K [0x00000000c0000000, 0x00000000c4300000, 0x00000000eab00000)
  object space 68608K, 15% used [0x00000000c0000000,0x00000000c0a86948,0x00000000c4300000)
 Metaspace       used 24965K, committed 25472K, reserved 1114112K
  class space    used 2539K, committed 2752K, reserved 1048576K
}
Event: 2.704 GC heap after
{Heap after GC invocations=7 (full 1):
 PSYoungGen      total 27136K, used 1895K [0x00000000eab00000, 0x00000000ecb00000, 0x0000000100000000)
  eden space 25088K, 0% used [0x00000000eab00000,0x00000000eab00000,0x00000000ec380000)
  from space 2048K, 92% used [0x00000000ec900000,0x00000000ecad9c78,0x00000000ecb00000)
  to   space 3072K, 0% used [0x00000000ec500000,0x00000000ec500000,0x00000000ec800000)
 ParOldGen       total 68608K, used 10786K [0x00000000c0000000, 0x00000000c4300000, 0x00000000eab00000)
  object space 68608K, 15% used [0x00000000c0000000,0x00000000c0a88948,0x00000000c4300000)
 Metaspace       used 24965K, committed 25472K, reserved 1114112K
  class space    used 2539K, committed 2752K, reserved 1048576K
}

Dll operation events (10 events):
Event: 0.010 Loaded shared library c:\Users\Usuario\.vscode\extensions\redhat.java-1.38.0-win32-x64\jre\17.0.13-win32-x86_64\bin\java.dll
Event: 0.154 Loaded shared library c:\Users\Usuario\.vscode\extensions\redhat.java-1.38.0-win32-x64\jre\17.0.13-win32-x86_64\bin\zip.dll
Event: 0.157 Loaded shared library C:\Users\Usuario\.vscode\extensions\redhat.java-1.38.0-win32-x64\jre\17.0.13-win32-x86_64\bin\instrument.dll
Event: 0.168 Loaded shared library C:\Users\Usuario\.vscode\extensions\redhat.java-1.38.0-win32-x64\jre\17.0.13-win32-x86_64\bin\net.dll
Event: 0.170 Loaded shared library C:\Users\Usuario\.vscode\extensions\redhat.java-1.38.0-win32-x64\jre\17.0.13-win32-x86_64\bin\nio.dll
Event: 0.176 Loaded shared library C:\Users\Usuario\.vscode\extensions\redhat.java-1.38.0-win32-x64\jre\17.0.13-win32-x86_64\bin\zip.dll
Event: 0.192 Loaded shared library C:\Users\Usuario\.vscode\extensions\redhat.java-1.38.0-win32-x64\jre\17.0.13-win32-x86_64\bin\jimage.dll
Event: 0.240 Loaded shared library c:\Users\Usuario\.vscode\extensions\redhat.java-1.38.0-win32-x64\jre\17.0.13-win32-x86_64\bin\verify.dll
Event: 1.079 Loaded shared library C:\Users\Usuario\AppData\Roaming\Code\User\globalStorage\redhat.java\1.38.0\config_win\org.eclipse.equinox.launcher\org.eclipse.equinox.launcher.win32.win32.x86_64_1.2.1100.v20240722-2106\eclipse_11904.dll
Event: 2.548 Loaded shared library C:\Users\Usuario\AppData\Local\Temp\jna-1531808526\jna16101792490270917719.dll

Deoptimization events (20 events):
Event: 2.601 Thread 0x0000027ad40fbb90 DEOPT PACKING pc=0x0000027ac45694fc sp=0x000000a2af7f9670
Event: 2.601 Thread 0x0000027ad40fbb90 DEOPT UNPACKING pc=0x0000027ac3ed66a3 sp=0x000000a2af7f9608 mode 2
Event: 2.620 Thread 0x0000027ad4b1eba0 Uncommon trap: trap_request=0xffffff45 fr.pc=0x0000027ac4552b38 relative=0x00000000000000b8
Event: 2.620 Thread 0x0000027ad4b1eba0 Uncommon trap: reason=unstable_if action=reinterpret pc=0x0000027ac4552b38 method=java.util.concurrent.locks.ReentrantLock$NonfairSync.initialTryLock()Z @ 25 c2
Event: 2.620 Thread 0x0000027ad4b1eba0 DEOPT PACKING pc=0x0000027ac4552b38 sp=0x000000a2afcfe150
Event: 2.620 Thread 0x0000027ad4b1eba0 DEOPT UNPACKING pc=0x0000027ac3ed66a3 sp=0x000000a2afcfe0d0 mode 2
Event: 2.705 Thread 0x0000027ad40fbb90 Uncommon trap: trap_request=0xffffff45 fr.pc=0x0000027ac454a248 relative=0x0000000000000228
Event: 2.705 Thread 0x0000027ad40fbb90 Uncommon trap: reason=unstable_if action=reinterpret pc=0x0000027ac454a248 method=java.util.WeakHashMap.expungeStaleEntries()V @ 9 c2
Event: 2.705 Thread 0x0000027ad40fbb90 DEOPT PACKING pc=0x0000027ac454a248 sp=0x000000a2af7ef000
Event: 2.705 Thread 0x0000027ad40fbb90 DEOPT UNPACKING pc=0x0000027ac3ed66a3 sp=0x000000a2af7eef98 mode 2
Event: 2.777 Thread 0x0000027ad40fbb90 DEOPT PACKING pc=0x0000027abcc2bc64 sp=0x000000a2af7f0320
Event: 2.777 Thread 0x0000027ad40fbb90 DEOPT UNPACKING pc=0x0000027ac3ed6e43 sp=0x000000a2af7ef8a0 mode 0
Event: 2.824 Thread 0x0000027ad40fbb90 Uncommon trap: trap_request=0xffffff45 fr.pc=0x0000027ac443b4a4 relative=0x0000000000000384
Event: 2.824 Thread 0x0000027ad40fbb90 Uncommon trap: reason=unstable_if action=reinterpret pc=0x0000027ac443b4a4 method=java.lang.StringLatin1.canEncode(I)Z @ 4 c2
Event: 2.824 Thread 0x0000027ad40fbb90 DEOPT PACKING pc=0x0000027ac443b4a4 sp=0x000000a2af7f28c0
Event: 2.824 Thread 0x0000027ad40fbb90 DEOPT UNPACKING pc=0x0000027ac3ed66a3 sp=0x000000a2af7f27e8 mode 2
Event: 2.824 Thread 0x0000027ad40fbb90 Uncommon trap: trap_request=0xffffff45 fr.pc=0x0000027ac4461a00 relative=0x0000000000000360
Event: 2.824 Thread 0x0000027ad40fbb90 Uncommon trap: reason=unstable_if action=reinterpret pc=0x0000027ac4461a00 method=java.lang.AbstractStringBuilder.isLatin1()Z @ 10 c2
Event: 2.824 Thread 0x0000027ad40fbb90 DEOPT PACKING pc=0x0000027ac4461a00 sp=0x000000a2af7f28d0
Event: 2.824 Thread 0x0000027ad40fbb90 DEOPT UNPACKING pc=0x0000027ac3ed66a3 sp=0x000000a2af7f2850 mode 2

Classes loaded (20 events):
Event: 2.824 Loading class java/text/NumberFormat
Event: 2.824 Loading class java/text/NumberFormat done
Event: 2.824 Loading class sun/util/locale/provider/NumberFormatProviderImpl
Event: 2.824 Loading class sun/util/locale/provider/NumberFormatProviderImpl done
Event: 2.825 Loading class java/text/DecimalFormat
Event: 2.825 Loading class java/text/DecimalFormat done
Event: 2.825 Loading class java/text/DigitList
Event: 2.826 Loading class java/text/DigitList done
Event: 2.826 Loading class java/math/RoundingMode
Event: 2.826 Loading class java/math/RoundingMode done
Event: 2.849 Loading class java/io/InvalidObjectException
Event: 2.849 Loading class java/io/ObjectStreamException
Event: 2.849 Loading class java/io/ObjectStreamException done
Event: 2.849 Loading class java/io/InvalidObjectException done
Event: 2.853 Loading class java/util/function/BiPredicate
Event: 2.853 Loading class java/util/function/BiPredicate done
Event: 2.861 Loading class java/util/concurrent/atomic/AtomicReferenceArray
Event: 2.861 Loading class java/util/concurrent/atomic/AtomicReferenceArray done
Event: 2.861 Loading class java/lang/invoke/VarHandleReferences$Array
Event: 2.861 Loading class java/lang/invoke/VarHandleReferences$Array done

Classes unloaded (0 events):
No events

Classes redefined (0 events):
No events

Internal exceptions (20 events):
Event: 2.180 Thread 0x0000027ad40fbb90 Exception <a 'java/lang/NoSuchMethodError'{0x00000000eae09e08}: 'java.lang.Object java.lang.invoke.DelegatingMethodHandle$Holder.reinvoke_L(java.lang.Object, java.lang.Object, java.lang.Object, java.lang.Object, int, int)'> (0x00000000eae09e08) 
thrown [s\src\hotspot\share\interpreter\linkResolver.cpp, line 759]
Event: 2.181 Thread 0x0000027ad40fbb90 Exception <a 'java/lang/NoSuchMethodError'{0x00000000eae1e700}: 'java.lang.Object java.lang.invoke.Invokers$Holder.invokeExact_MT(java.lang.Object, java.lang.Object, java.lang.Object, java.lang.Object)'> (0x00000000eae1e700) 
thrown [s\src\hotspot\share\interpreter\linkResolver.cpp, line 759]
Event: 2.226 Thread 0x0000027ad40fbb90 Exception <a 'java/io/FileNotFoundException'{0x00000000eb093e20}> (0x00000000eb093e20) 
thrown [s\src\hotspot\share\prims\jni.cpp, line 516]
Event: 2.226 Thread 0x0000027ad40fbb90 Exception <a 'java/io/FileNotFoundException'{0x00000000eb09b068}> (0x00000000eb09b068) 
thrown [s\src\hotspot\share\prims\jni.cpp, line 516]
Event: 2.329 Thread 0x0000027ad40fbb90 Exception <a 'java/lang/NoSuchMethodError'{0x00000000eb6fe398}: 'java.lang.Object java.lang.invoke.DirectMethodHandle$Holder.invokeStaticInit(java.lang.Object, int)'> (0x00000000eb6fe398) 
thrown [s\src\hotspot\share\interpreter\linkResolver.cpp, line 759]
Event: 2.362 Thread 0x0000027ad40fbb90 Exception <a 'java/lang/NoSuchMethodError'{0x00000000eb981de0}: 'java.lang.Object java.lang.invoke.DirectMethodHandle$Holder.invokeStaticInit(java.lang.Object, int, int, int, int)'> (0x00000000eb981de0) 
thrown [s\src\hotspot\share\interpreter\linkResolver.cpp, line 759]
Event: 2.423 Thread 0x0000027ad40fbb90 Exception <a 'java/lang/NoSuchMethodError'{0x00000000eba2f048}: 'java.lang.Object java.lang.invoke.DirectMethodHandle$Holder.invokeStaticInit(java.lang.Object, java.lang.Object, int, int, int, int)'> (0x00000000eba2f048) 
thrown [s\src\hotspot\share\interpreter\linkResolver.cpp, line 759]
Event: 2.594 Thread 0x0000027ad40fbb90 Exception <a 'java/lang/NoSuchMethodError'{0x00000000ebd6aa38}: 'java.lang.Object java.lang.invoke.DirectMethodHandle$Holder.invokeSpecial(java.lang.Object, java.lang.Object, java.lang.Object, long, java.lang.Object)'> (0x00000000ebd6aa38) 
thrown [s\src\hotspot\share\interpreter\linkResolver.cpp, line 759]
Event: 2.595 Thread 0x0000027ad40fbb90 Exception <a 'java/lang/NoSuchMethodError'{0x00000000ebd72bf0}: 'java.lang.Object java.lang.invoke.DirectMethodHandle$Holder.newInvokeSpecial(java.lang.Object, java.lang.Object, java.lang.Object, long)'> (0x00000000ebd72bf0) 
thrown [s\src\hotspot\share\interpreter\linkResolver.cpp, line 759]
Event: 2.595 Thread 0x0000027ad40fbb90 Exception <a 'java/lang/NoSuchMethodError'{0x00000000ebd77190}: 'java.lang.Object java.lang.invoke.DirectMethodHandle$Holder.invokeSpecial(java.lang.Object, java.lang.Object, java.lang.Object, java.lang.Object, long)'> (0x00000000ebd77190) 
thrown [s\src\hotspot\share\interpreter\linkResolver.cpp, line 759]
Event: 2.595 Thread 0x0000027ad40fbb90 Exception <a 'java/lang/NoSuchMethodError'{0x00000000ebd7b008}: 'java.lang.Object java.lang.invoke.Invokers$Holder.linkToTargetMethod(java.lang.Object, java.lang.Object, long, java.lang.Object)'> (0x00000000ebd7b008) 
thrown [s\src\hotspot\share\interpreter\linkResolver.cpp, line 759]
Event: 2.602 Thread 0x0000027ad40fbb90 Exception <a 'java/lang/NoSuchMethodError'{0x00000000ebdff0c0}: 'int java.lang.invoke.DirectMethodHandle$Holder.invokeStaticInit(java.lang.Object, java.lang.Object, java.lang.Object)'> (0x00000000ebdff0c0) 
thrown [s\src\hotspot\share\interpreter\linkResolver.cpp, line 759]
Event: 2.613 Thread 0x0000027ad40fbb90 Exception <a 'java/lang/IncompatibleClassChangeError'{0x00000000ebeb97c8}: Found class java.lang.Object, but interface was expected> (0x00000000ebeb97c8) 
thrown [s\src\hotspot\share\interpreter\linkResolver.cpp, line 826]
Event: 2.617 Thread 0x0000027ad40fbb90 Exception <a 'java/lang/NoSuchMethodError'{0x00000000ebeced30}: 'java.lang.Object java.lang.invoke.DirectMethodHandle$Holder.invokeSpecial(java.lang.Object, java.lang.Object, java.lang.Object, int, java.lang.Object, java.lang.Object)'> (0x00000000ebeced30) 
thrown [s\src\hotspot\share\interpreter\linkResolver.cpp, line 759]
Event: 2.618 Thread 0x0000027ad40fbb90 Exception <a 'java/lang/NoSuchMethodError'{0x00000000ebed74a8}: 'java.lang.Object java.lang.invoke.DirectMethodHandle$Holder.newInvokeSpecial(java.lang.Object, java.lang.Object, java.lang.Object, int, java.lang.Object)'> (0x00000000ebed74a8) 
thrown [s\src\hotspot\share\interpreter\linkResolver.cpp, line 759]
Event: 2.618 Thread 0x0000027ad40fbb90 Exception <a 'java/lang/NoSuchMethodError'{0x00000000ebedb900}: 'java.lang.Object java.lang.invoke.DirectMethodHandle$Holder.invokeSpecial(java.lang.Object, java.lang.Object, java.lang.Object, java.lang.Object, int, java.lang.Object)'> (0x00000000ebedb900) 
thrown [s\src\hotspot\share\interpreter\linkResolver.cpp, line 759]
Event: 2.618 Thread 0x0000027ad4b1eba0 Exception <a 'java/lang/NoSuchMethodError'{0x00000000ebddbf70}: 'java.lang.Object java.lang.invoke.DirectMethodHandle$Holder.invokeSpecial(java.lang.Object, java.lang.Object, int, java.lang.Object, java.lang.Object)'> (0x00000000ebddbf70) 
thrown [s\src\hotspot\share\interpreter\linkResolver.cpp, line 759]
Event: 2.763 Thread 0x0000027ad40fbb90 Exception <a 'java/lang/NoSuchMethodError'{0x00000000eb233798}: 'java.lang.Object java.lang.invoke.Invokers$Holder.linkToTargetMethod(java.lang.Object, long, java.lang.Object, java.lang.Object)'> (0x00000000eb233798) 
thrown [s\src\hotspot\share\interpreter\linkResolver.cpp, line 759]
Event: 2.807 Thread 0x0000027ad40fbb90 Exception <a 'java/io/FileNotFoundException'{0x00000000eb9c7988}> (0x00000000eb9c7988) 
thrown [s\src\hotspot\share\prims\jni.cpp, line 516]
Event: 2.808 Thread 0x0000027ad40fbb90 Exception <a 'java/lang/NoSuchMethodError'{0x00000000eb9d0a08}: 'java.lang.Object java.lang.invoke.DirectMethodHandle$Holder.newInvokeSpecial(java.lang.Object, int, java.lang.Object, java.lang.Object)'> (0x00000000eb9d0a08) 
thrown [s\src\hotspot\share\interpreter\linkResolver.cpp, line 759]

VM Operations (20 events):
Event: 2.235 Executing VM operation: HandshakeAllThreads
Event: 2.235 Executing VM operation: HandshakeAllThreads done
Event: 2.337 Executing VM operation: HandshakeAllThreads
Event: 2.337 Executing VM operation: HandshakeAllThreads done
Event: 2.371 Executing VM operation: HandshakeAllThreads
Event: 2.371 Executing VM operation: HandshakeAllThreads done
Event: 2.422 Executing VM operation: HandshakeAllThreads
Event: 2.422 Executing VM operation: HandshakeAllThreads done
Event: 2.558 Executing VM operation: HandshakeAllThreads
Event: 2.558 Executing VM operation: HandshakeAllThreads done
Event: 2.663 Executing VM operation: HandshakeAllThreads
Event: 2.663 Executing VM operation: HandshakeAllThreads done
Event: 2.663 Executing VM operation: HandshakeAllThreads
Event: 2.663 Executing VM operation: HandshakeAllThreads done
Event: 2.702 Executing VM operation: ParallelGCFailedAllocation
Event: 2.704 Executing VM operation: ParallelGCFailedAllocation done
Event: 2.712 Executing VM operation: HandshakeAllThreads
Event: 2.712 Executing VM operation: HandshakeAllThreads done
Event: 2.715 Executing VM operation: HandshakeAllThreads
Event: 2.715 Executing VM operation: HandshakeAllThreads done

Memory protections (0 events):
No events

Nmethod flushes (0 events):
No events

Events (20 events):
Event: 0.062 Thread 0x0000027ab9cb0eb0 Thread added: 0x0000027ad3253fa0
Event: 0.062 Thread 0x0000027ab9cb0eb0 Thread added: 0x0000027ad32578b0
Event: 0.062 Thread 0x0000027ab9cb0eb0 Thread added: 0x0000027ad3265670
Event: 0.119 Thread 0x0000027ab9cb0eb0 Thread added: 0x0000027ab9d192d0
Event: 0.236 Thread 0x0000027ad3253fa0 Thread added: 0x0000027ad351c7a0
Event: 0.312 Thread 0x0000027ab9cb0eb0 Thread added: 0x0000027ad3586bc0
Event: 0.888 Thread 0x0000027ab9cb0eb0 Thread added: 0x0000027ad3dd49b0
Event: 1.074 Thread 0x0000027ab9cb0eb0 Thread added: 0x0000027ad45b06a0
Event: 1.113 Thread 0x0000027ad45b06a0 Thread added: 0x0000027ad408ac90
Event: 1.116 Thread 0x0000027ab9cb0eb0 Thread added: 0x0000027ad40fbb90
Event: 1.402 Thread 0x0000027ad40fbb90 Thread added: 0x0000027ad480ae80
Event: 1.617 Thread 0x0000027ad40fbb90 Thread added: 0x0000027ad4b1f0b0
Event: 1.707 Thread 0x0000027ad40fbb90 Thread added: 0x0000027ad4b1e690
Event: 2.098 Thread 0x0000027ad40fbb90 Thread added: 0x0000027ad4b1fad0
Event: 2.422 Thread 0x0000027ad351c7a0 Thread exited: 0x0000027ad351c7a0
Event: 2.568 Thread 0x0000027ad40fbb90 Thread added: 0x0000027ad4b1dc70
Event: 2.598 Thread 0x0000027ad40fbb90 Thread added: 0x0000027ad4b1eba0
Event: 2.618 Thread 0x0000027ad40fbb90 Thread added: 0x0000027ad4b1ffe0
Event: 2.759 Thread 0x0000027ad32578b0 Thread added: 0x0000027ad4ae8b80
Event: 2.819 Thread 0x0000027ad4b1ffe0 Thread added: 0x0000027ad4b1cd40


Dynamic libraries:
0x00007ff6eaa10000 - 0x00007ff6eaa1e000 	c:\Users\Usuario\.vscode\extensions\redhat.java-1.38.0-win32-x64\jre\17.0.13-win32-x86_64\bin\java.exe
0x00007fff4adf0000 - 0x00007fff4afe8000 	C:\Windows\SYSTEM32\ntdll.dll
0x00007fff49230000 - 0x00007fff492f2000 	C:\Windows\System32\KERNEL32.DLL
0x00007fff48850000 - 0x00007fff48b4e000 	C:\Windows\System32\KERNELBASE.dll
0x00007fff48d10000 - 0x00007fff48e10000 	C:\Windows\System32\ucrtbase.dll
0x00007fff44220000 - 0x00007fff44237000 	c:\Users\Usuario\.vscode\extensions\redhat.java-1.38.0-win32-x64\jre\17.0.13-win32-x86_64\bin\jli.dll
0x00007fff49090000 - 0x00007fff4922d000 	C:\Windows\System32\USER32.dll
0x00007fff48cb0000 - 0x00007fff48cd2000 	C:\Windows\System32\win32u.dll
0x00007fff4a180000 - 0x00007fff4a1ab000 	C:\Windows\System32\GDI32.dll
0x00007fff48730000 - 0x00007fff48847000 	C:\Windows\System32\gdi32full.dll
0x00007fff48620000 - 0x00007fff486bd000 	C:\Windows\System32\msvcp_win.dll
0x00007fff2bd80000 - 0x00007fff2bd9e000 	c:\Users\Usuario\.vscode\extensions\redhat.java-1.38.0-win32-x64\jre\17.0.13-win32-x86_64\bin\VCRUNTIME140.dll
0x00007fff2df30000 - 0x00007fff2e1ca000 	C:\Windows\WinSxS\amd64_microsoft.windows.common-controls_6595b64144ccf1df_6.0.19041.4355_none_60b8b9eb71f62e16\COMCTL32.dll
0x00007fff49400000 - 0x00007fff4949e000 	C:\Windows\System32\msvcrt.dll
0x00007fff49550000 - 0x00007fff4957f000 	C:\Windows\System32\IMM32.DLL
0x00007fff44270000 - 0x00007fff4427c000 	c:\Users\Usuario\.vscode\extensions\redhat.java-1.38.0-win32-x64\jre\17.0.13-win32-x86_64\bin\vcruntime140_1.dll
0x00007fff09200000 - 0x00007fff0928d000 	c:\Users\Usuario\.vscode\extensions\redhat.java-1.38.0-win32-x64\jre\17.0.13-win32-x86_64\bin\msvcp140.dll
0x00007ffeeb7e0000 - 0x00007ffeec44b000 	c:\Users\Usuario\.vscode\extensions\redhat.java-1.38.0-win32-x64\jre\17.0.13-win32-x86_64\bin\server\jvm.dll
0x00007fff48e10000 - 0x00007fff48ec1000 	C:\Windows\System32\ADVAPI32.dll
0x00007fff49360000 - 0x00007fff493ff000 	C:\Windows\System32\sechost.dll
0x00007fff48ed0000 - 0x00007fff48ff3000 	C:\Windows\System32\RPCRT4.dll
0x00007fff48ce0000 - 0x00007fff48d07000 	C:\Windows\System32\bcrypt.dll
0x00007fff49bd0000 - 0x00007fff49c3b000 	C:\Windows\System32\WS2_32.dll
0x00007fff47a20000 - 0x00007fff47a6b000 	C:\Windows\SYSTEM32\POWRPROF.dll
0x00007fff3b720000 - 0x00007fff3b747000 	C:\Windows\SYSTEM32\WINMM.dll
0x00007fff432b0000 - 0x00007fff432ba000 	C:\Windows\SYSTEM32\VERSION.dll
0x00007fff47890000 - 0x00007fff478a2000 	C:\Windows\SYSTEM32\UMPDC.dll
0x00007fff46330000 - 0x00007fff46342000 	C:\Windows\SYSTEM32\kernel.appcore.dll
0x00007fff41830000 - 0x00007fff4183a000 	c:\Users\Usuario\.vscode\extensions\redhat.java-1.38.0-win32-x64\jre\17.0.13-win32-x86_64\bin\jimage.dll
0x00007fff3ac10000 - 0x00007fff3adf4000 	C:\Windows\SYSTEM32\DBGHELP.DLL
0x00007fff1df30000 - 0x00007fff1df64000 	C:\Windows\SYSTEM32\dbgcore.DLL
0x00007fff48490000 - 0x00007fff48512000 	C:\Windows\System32\bcryptPrimitives.dll
0x00007fff297c0000 - 0x00007fff297ce000 	c:\Users\Usuario\.vscode\extensions\redhat.java-1.38.0-win32-x64\jre\17.0.13-win32-x86_64\bin\instrument.dll
0x00007fff0a7f0000 - 0x00007fff0a815000 	c:\Users\Usuario\.vscode\extensions\redhat.java-1.38.0-win32-x64\jre\17.0.13-win32-x86_64\bin\java.dll
0x00007fff29860000 - 0x00007fff29878000 	c:\Users\Usuario\.vscode\extensions\redhat.java-1.38.0-win32-x64\jre\17.0.13-win32-x86_64\bin\zip.dll
0x00007fff4a640000 - 0x00007fff4adad000 	C:\Windows\System32\SHELL32.dll
0x00007fff46530000 - 0x00007fff46cd4000 	C:\Windows\SYSTEM32\windows.storage.dll
0x00007fff4a2e0000 - 0x00007fff4a633000 	C:\Windows\System32\combase.dll
0x00007fff47ec0000 - 0x00007fff47eee000 	C:\Windows\SYSTEM32\Wldp.dll
0x00007fff49ef0000 - 0x00007fff49fbd000 	C:\Windows\System32\OLEAUT32.dll
0x00007fff494a0000 - 0x00007fff4954d000 	C:\Windows\System32\SHCORE.dll
0x00007fff49300000 - 0x00007fff49355000 	C:\Windows\System32\shlwapi.dll
0x00007fff483c0000 - 0x00007fff483e4000 	C:\Windows\SYSTEM32\profapi.dll
0x00007fff2a360000 - 0x00007fff2a379000 	C:\Users\Usuario\.vscode\extensions\redhat.java-1.38.0-win32-x64\jre\17.0.13-win32-x86_64\bin\net.dll
0x00007fff421b0000 - 0x00007fff422bd000 	C:\Windows\SYSTEM32\WINHTTP.dll
0x00007fff47c20000 - 0x00007fff47c8a000 	C:\Windows\system32\mswsock.dll
0x00007fff297d0000 - 0x00007fff297e6000 	C:\Users\Usuario\.vscode\extensions\redhat.java-1.38.0-win32-x64\jre\17.0.13-win32-x86_64\bin\nio.dll
0x00007fff25720000 - 0x00007fff25730000 	c:\Users\Usuario\.vscode\extensions\redhat.java-1.38.0-win32-x64\jre\17.0.13-win32-x86_64\bin\verify.dll
0x00007fff091b0000 - 0x00007fff091f5000 	C:\Users\Usuario\AppData\Roaming\Code\User\globalStorage\redhat.java\1.38.0\config_win\org.eclipse.equinox.launcher\org.eclipse.equinox.launcher.win32.win32.x86_64_1.2.1100.v20240722-2106\eclipse_11904.dll
0x00007fff4a1b0000 - 0x00007fff4a2db000 	C:\Windows\System32\ole32.dll
0x00007fff47e10000 - 0x00007fff47e28000 	C:\Windows\SYSTEM32\CRYPTSP.dll
0x00007fff474d0000 - 0x00007fff47504000 	C:\Windows\system32\rsaenh.dll
0x00007fff48340000 - 0x00007fff4836e000 	C:\Windows\SYSTEM32\USERENV.dll
0x00007fff47e30000 - 0x00007fff47e3c000 	C:\Windows\SYSTEM32\CRYPTBASE.dll
0x00007fff478b0000 - 0x00007fff478eb000 	C:\Windows\SYSTEM32\IPHLPAPI.DLL
0x00007fff49000000 - 0x00007fff49008000 	C:\Windows\System32\NSI.dll
0x00007fff417c0000 - 0x00007fff417d7000 	C:\Windows\SYSTEM32\dhcpcsvc6.DLL
0x00007fff41e30000 - 0x00007fff41e4d000 	C:\Windows\SYSTEM32\dhcpcsvc.DLL
0x00007fff478f0000 - 0x00007fff479ba000 	C:\Windows\SYSTEM32\DNSAPI.dll
0x00007fff0b4d0000 - 0x00007fff0b519000 	C:\Users\Usuario\AppData\Local\Temp\jna-1531808526\jna16101792490270917719.dll
0x00007fff49d20000 - 0x00007fff49d28000 	C:\Windows\System32\PSAPI.DLL

dbghelp: loaded successfully - version: 4.0.5 - missing functions: none
symbol engine: initialized successfully - sym options: 0x614 - pdb path: .;c:\Users\Usuario\.vscode\extensions\redhat.java-1.38.0-win32-x64\jre\17.0.13-win32-x86_64\bin;C:\Windows\SYSTEM32;C:\Windows\WinSxS\amd64_microsoft.windows.common-controls_6595b64144ccf1df_6.0.19041.4355_none_60b8b9eb71f62e16;c:\Users\Usuario\.vscode\extensions\redhat.java-1.38.0-win32-x64\jre\17.0.13-win32-x86_64\bin\server;C:\Users\Usuario\AppData\Roaming\Code\User\globalStorage\redhat.java\1.38.0\config_win\org.eclipse.equinox.launcher\org.eclipse.equinox.launcher.win32.win32.x86_64_1.2.1100.v20240722-2106;C:\Users\Usuario\AppData\Local\Temp\jna-1531808526

VM Arguments:
jvm_args: --add-modules=ALL-SYSTEM --add-opens=java.base/java.util=ALL-UNNAMED --add-opens=java.base/java.lang=ALL-UNNAMED --add-opens=java.base/sun.nio.fs=ALL-UNNAMED -Declipse.application=org.eclipse.jdt.ls.core.id1 -Dosgi.bundles.defaultStartLevel=4 -Declipse.product=org.eclipse.jdt.ls.core.product -Djava.import.generatesMetadataFilesAtProjectRoot=false -DDetectVMInstallationsJob.disabled=true -Dfile.encoding=utf8 -XX:+UseParallelGC -XX:GCTimeRatio=4 -XX:AdaptiveSizePolicyWeight=90 -Dsun.zip.disableMemoryMapping=true -Xmx1G -Xms100m -Xlog:disable -javaagent:c:\Users\Usuario\.vscode\extensions\redhat.java-1.38.0-win32-x64\lombok\lombok-1.18.34.jar -XX:+HeapDumpOnOutOfMemoryError -XX:HeapDumpPath=c:\Users\Usuario\AppData\Roaming\Code\User\workspaceStorage\f006550acbc34dd95b1986abe3cbb3d0\redhat.java -Daether.dependencyCollector.impl=bf 
java_command: c:\Users\Usuario\.vscode\extensions\redhat.java-1.38.0-win32-x64\server\plugins\org.eclipse.equinox.launcher_1.6.900.v20240613-2009.jar -configuration c:\Users\Usuario\AppData\Roaming\Code\User\globalStorage\redhat.java\1.38.0\config_win -data c:\Users\Usuario\AppData\Roaming\Code\User\workspaceStorage\f006550acbc34dd95b1986abe3cbb3d0\redhat.java\jdt_ws --pipe=\\.\pipe\lsp-79702548fad62158a157b699c42e3538-sock
java_class_path (initial): c:\Users\Usuario\.vscode\extensions\redhat.java-1.38.0-win32-x64\server\plugins\org.eclipse.equinox.launcher_1.6.900.v20240613-2009.jar
Launcher Type: SUN_STANDARD

[Global flags]
    uintx AdaptiveSizePolicyWeight                 = 90                                        {product} {command line}
     intx CICompilerCount                          = 3                                         {product} {ergonomic}
    uintx GCTimeRatio                              = 4                                         {product} {command line}
     bool HeapDumpOnOutOfMemoryError               = true                                   {manageable} {command line}
    ccstr HeapDumpPath                             = c:\Users\Usuario\AppData\Roaming\Code\User\workspaceStorage\f006550acbc34dd95b1986abe3cbb3d0\redhat.java         {manageable} {command line}
   size_t InitialHeapSize                          = 104857600                                 {product} {command line}
   size_t MaxHeapSize                              = 1073741824                                {product} {command line}
   size_t MaxNewSize                               = 357564416                                 {product} {ergonomic}
   size_t MinHeapDeltaBytes                        = 524288                                    {product} {ergonomic}
   size_t MinHeapSize                              = 104857600                                 {product} {command line}
   size_t NewSize                                  = 34603008                                  {product} {ergonomic}
    uintx NonNMethodCodeHeapSize                   = 5832780                                {pd product} {ergonomic}
    uintx NonProfiledCodeHeapSize                  = 122912730                              {pd product} {ergonomic}
   size_t OldSize                                  = 70254592                                  {product} {ergonomic}
    uintx ProfiledCodeHeapSize                     = 122912730                              {pd product} {ergonomic}
    uintx ReservedCodeCacheSize                    = 251658240                              {pd product} {ergonomic}
     bool SegmentedCodeCache                       = true                                      {product} {ergonomic}
   size_t SoftMaxHeapSize                          = 1073741824                             {manageable} {ergonomic}
     bool UseCompressedClassPointers               = true                           {product lp64_product} {ergonomic}
     bool UseCompressedOops                        = true                           {product lp64_product} {ergonomic}
     bool UseLargePagesIndividualAllocation        = false                                  {pd product} {ergonomic}
     bool UseParallelGC                            = true                                      {product} {command line}

Logging:
Log output configuration:
 #0: stdout all=off uptime,level,tags
 #1: stderr all=off uptime,level,tags

Environment Variables:
PATH=C:\Program Files\Common Files\Oracle\Java\javapath;C:\ProgramData\Oracle\Java\javapath;C:\Windows\system32;C:\Windows;C:\Windows\System32\Wbem;C:\Windows\System32\WindowsPowerShell\v1.0\;C:\Windows\System32\OpenSSH\;C:\Program Files\NVIDIA Corporation\NVIDIA NvDLISR;C:\Program Files (x86)\NVIDIA Corporation\PhysX\Common;C:\Program Files\Git\cmd;C:\Program Files\Docker\Docker\resources\bin;C:\Users\Usuario\AppData\Local\Microsoft\WindowsApps;C:\MinGW\bin;C:\Users\Usuario\AppData\Local\Programs\Microsoft VS Code\bin
USERNAME=Usuario
OS=Windows_NT
PROCESSOR_IDENTIFIER=Intel64 Family 6 Model 158 Stepping 10, GenuineIntel
TMP=C:\Users\Usuario\AppData\Local\Temp
TEMP=C:\Users\Usuario\AppData\Local\Temp



Periodic native trim disabled


---------------  S Y S T E M  ---------------

OS:
 Windows 10 , 64 bit Build 19041 (10.0.19041.5198)
OS uptime: 0 days 2:15 hours

CPU: total 6 (initial active 6) (6 cores per cpu, 1 threads per core) family 6 model 158 stepping 10 microcode 0xb4, cx8, cmov, fxsr, mmx, 3dnowpref, sse, sse2, sse3, ssse3, sse4.1, sse4.2, popcnt, lzcnt, tsc, tscinvbit, avx, avx2, aes, erms, clmul, bmi1, bmi2, adx, fma, vzeroupper, clflush, clflushopt
Processor Information for all 6 processors :
  Max Mhz: 2904, Current Mhz: 2904, Mhz Limit: 2904

Memory: 4k page, system-wide physical 8125M (669M free)
TotalPageFile size 13236M (AvailPageFile size 0M)
current process WorkingSet (physical memory assigned to process): 134M, peak: 134M
current process commit charge ("private bytes"): 230M, peak: 231M

vm_info: OpenJDK 64-Bit Server VM (17.0.13+11) for windows-amd64 JRE (17.0.13+11), built on Oct 16 2024 00:10:08 by "admin" with MS VC++ 17.7 (VS2022)

END.
